Using pre-set license
Built from '2023.2/staging' branch; Version is '2023.2.14f1 (eeca29774eb5) revision 15649321'; Using compiler version '193431935'; Build Type 'Release'
OS: 'Windows 11  (10.0.22631) 64bit Core' Language: 'en' Physical Memory: 32559 MB
BatchMode: 1, IsHumanControllingUs: 0, StartBugReporterOnCrash: 0, Is64bit: 1, IsPro: 1

COMMAND LINE ARGUMENTS:
C:\Program Files\Unity\Hub\Editor\2023.2.14f1\Editor\Unity.exe
-adb2
-batchMode
-noUpm
-name
AssetImportWorker3
-projectPath
C:/Users/james/OneDrive/Documents/GitHub/Transformers-gamedev/Transformers
-logFile
Logs/AssetImportWorker3.log
-srvPort
63588
-job-worker-count
11
-background-job-worker-count
8
-asset-garbage-collectors
1
Successfully changed project path to: C:/Users/james/OneDrive/Documents/GitHub/Transformers-gamedev/Transformers
C:/Users/james/OneDrive/Documents/GitHub/Transformers-gamedev/Transformers
[UnityMemory] Configuration Parameters - Can be set up in boot.config
    "memorysetup-bucket-allocator-granularity=16"
    "memorysetup-bucket-allocator-bucket-count=8"
    "memorysetup-bucket-allocator-block-size=33554432"
    "memorysetup-bucket-allocator-block-count=8"
    "memorysetup-main-allocator-block-size=16777216"
    "memorysetup-thread-allocator-block-size=16777216"
    "memorysetup-gfx-main-allocator-block-size=16777216"
    "memorysetup-gfx-thread-allocator-block-size=16777216"
    "memorysetup-cache-allocator-block-size=4194304"
    "memorysetup-typetree-allocator-block-size=2097152"
    "memorysetup-profiler-bucket-allocator-granularity=16"
    "memorysetup-profiler-bucket-allocator-bucket-count=8"
    "memorysetup-profiler-bucket-allocator-block-size=33554432"
    "memorysetup-profiler-bucket-allocator-block-count=8"
    "memorysetup-profiler-allocator-block-size=16777216"
    "memorysetup-profiler-editor-allocator-block-size=1048576"
    "memorysetup-temp-allocator-size-main=16777216"
    "memorysetup-job-temp-allocator-block-size=2097152"
    "memorysetup-job-temp-allocator-block-size-background=1048576"
    "memorysetup-job-temp-allocator-reduction-small-platforms=262144"
    "memorysetup-allocator-temp-initial-block-size-main=262144"
    "memorysetup-allocator-temp-initial-block-size-worker=262144"
    "memorysetup-temp-allocator-size-background-worker=32768"
    "memorysetup-temp-allocator-size-job-worker=262144"
    "memorysetup-temp-allocator-size-preload-manager=33554432"
    "memorysetup-temp-allocator-size-nav-mesh-worker=65536"
    "memorysetup-temp-allocator-size-audio-worker=65536"
    "memorysetup-temp-allocator-size-cloud-worker=32768"
    "memorysetup-temp-allocator-size-gi-baking-worker=262144"
    "memorysetup-temp-allocator-size-gi-baking-worker=262144"
    "memorysetup-temp-allocator-size-gi-baking-worker=262144"
    "memorysetup-temp-allocator-size-gi-baking-worker=262144"
    "memorysetup-temp-allocator-size-gfx=262144"
Player connection [36804] Host "[IP] 192.168.1.66 [Port] 0 [Flags] 2 [Guid] 2997947392 [EditorId] 2997947392 [Version] 1048832 [Id] WindowsEditor(7,james-desktop) [Debug] 1 [PackageName] WindowsEditor [ProjectName] Editor" joined multi-casting on [225.0.0.222:54997]...
Player connection [36804] Host "[IP] 192.168.1.66 [Port] 0 [Flags] 2 [Guid] 2997947392 [EditorId] 2997947392 [Version] 1048832 [Id] WindowsEditor(7,james-desktop) [Debug] 1 [PackageName] WindowsEditor [ProjectName] Editor" joined alternative multi-casting on [225.0.0.222:34997]...
JobSystem: Creating JobQueue using job-worker-count value 11
[Physics::Module] Initialized MultithreadedJobDispatcher with 11 workers.
Library Redirect Path: Library/
Refreshing native plugins compatible for Editor in 0.67 ms, found 3 plugins.
Preloading 0 native plugins for Editor in 0.00 ms.
Initialize engine version: 2023.2.14f1 (eeca29774eb5)
[Subsystems] Discovering subsystems at path C:/Program Files/Unity/Hub/Editor/2023.2.14f1/Editor/Data/Resources/UnitySubsystems
[Subsystems] Discovering subsystems at path C:/Users/james/OneDrive/Documents/GitHub/Transformers-gamedev/Transformers/Assets
GfxDevice: creating device client; kGfxThreadingModeNonThreaded
Direct3D:
    Version:  Direct3D 11.0 [level 11.1]
    Renderer: NVIDIA GeForce RTX 3080 Ti (ID=0x2208)
    Vendor:   NVIDIA
    VRAM:     12100 MB
    Driver:   31.0.15.4633
Initialize mono
Mono path[0] = 'C:/Program Files/Unity/Hub/Editor/2023.2.14f1/Editor/Data/Managed'
Mono path[1] = 'C:/Program Files/Unity/Hub/Editor/2023.2.14f1/Editor/Data/MonoBleedingEdge/lib/mono/unityjit-win32'
Mono config path = 'C:/Program Files/Unity/Hub/Editor/2023.2.14f1/Editor/Data/MonoBleedingEdge/etc'
Using monoOptions --debugger-agent=transport=dt_socket,embedding=1,server=y,suspend=n,address=127.0.0.1:56324
Begin MonoManager ReloadAssembly
C:\build\output\Unity-Technologies\mono\mono\metadata\icall.c:1842:
C:\build\output\Unity-Technologies\mono\mono\metadata\icall.c:1842:
C:\build\output\Unity-Technologies\mono\mono\metadata\icall.c:1842:
C:\build\output\Unity-Technologies\mono\mono\metadata\icall.c:1842:
C:\build\output\Unity-Technologies\mono\mono\metadata\icall.c:1842:
C:\build\output\Unity-Technologies\mono\mono\metadata\icall.c:1842:
C:\build\output\Unity-Technologies\mono\mono\metadata\icall.c:1842:
C:\build\output\Unity-Technologies\mono\mono\metadata\icall.c:1842:
C:\build\output\Unity-Technologies\mono\mono\metadata\icall.c:1842:
C:\build\output\Unity-Technologies\mono\mono\metadata\icall.c:1842:
Registering precompiled unity dll's ...
Register platform support module: C:/Program Files/Unity/Hub/Editor/2023.2.14f1/Editor/Data/PlaybackEngines/WindowsStandaloneSupport/UnityEditor.WindowsStandalone.Extensions.dll
Registered in 0.001957 seconds.
- Loaded All Assemblies, in  0.253 seconds
Native extension for WindowsStandalone target not found
Mono: successfully reloaded assembly
C:\build\output\Unity-Technologies\mono\mono\metadata\icall.c:1842:
C:\build\output\Unity-Technologies\mono\mono\metadata\icall.c:1842:
- Finished resetting the current domain, in  0.188 seconds
Domain Reload Profiling: 440ms
	BeginReloadAssembly (86ms)
		ExecutionOrderSort (0ms)
		DisableScriptedObjects (0ms)
		BackupInstance (0ms)
		ReleaseScriptingObjects (0ms)
		CreateAndSetChildDomain (1ms)
	RebuildCommonClasses (25ms)
	RebuildNativeTypeToScriptingClass (8ms)
	initialDomainReloadingComplete (33ms)
	LoadAllAssembliesAndSetupDomain (99ms)
		LoadAssemblies (84ms)
		RebuildTransferFunctionScriptingTraits (0ms)
		AnalyzeDomain (98ms)
			TypeCache.Refresh (97ms)
				TypeCache.ScanAssembly (87ms)
			BuildScriptInfoCaches (0ms)
			ResolveRequiredComponents (0ms)
	FinalizeReload (188ms)
		ReleaseScriptCaches (0ms)
		RebuildScriptCaches (0ms)
		SetupLoadedEditorAssemblies (155ms)
			LogAssemblyErrors (0ms)
			InitializePlatformSupportModulesInManaged (6ms)
			SetLoadedEditorAssemblies (3ms)
			BeforeProcessingInitializeOnLoad (3ms)
			ProcessInitializeOnLoadAttributes (113ms)
			ProcessInitializeOnLoadMethodAttributes (29ms)
			AfterProcessingInitializeOnLoad (0ms)
			EditorAssembliesLoaded (0ms)
		ExecutionOrderSort2 (0ms)
		AwakeInstancesAfterBackupRestoration (0ms)
========================================================================
Worker process is ready to serve import requests
Import Worker Mode flag is 0x00
Begin MonoManager ReloadAssembly
C:\build\output\Unity-Technologies\mono\mono\metadata\icall.c:1842:
C:\build\output\Unity-Technologies\mono\mono\metadata\icall.c:1842:
C:\build\output\Unity-Technologies\mono\mono\metadata\icall.c:1842:
C:\build\output\Unity-Technologies\mono\mono\metadata\icall.c:1842:
C:\build\output\Unity-Technologies\mono\mono\metadata\icall.c:1842:
C:\build\output\Unity-Technologies\mono\mono\metadata\icall.c:1842:
C:\build\output\Unity-Technologies\mono\mono\metadata\icall.c:1842:
C:\build\output\Unity-Technologies\mono\mono\metadata\icall.c:1842:
C:\build\output\Unity-Technologies\mono\mono\metadata\icall.c:1842:
C:\build\output\Unity-Technologies\mono\mono\metadata\icall.c:1842:
C:\build\output\Unity-Technologies\mono\mono\metadata\icall.c:1842:
C:\build\output\Unity-Technologies\mono\mono\metadata\icall.c:1842:
Symbol file LoadedFromMemory doesn't match image C:\Users\james\OneDrive\Documents\GitHub\Transformers-gamedev\Transformers\Library\PackageCache\com.unity.visualscripting@1.8.0\Editor\VisualScripting.Core\Dependencies\YamlDotNet\Unity.VisualScripting.YamlDotNet.dll
Symbol file LoadedFromMemory doesn't match image C:\Users\james\OneDrive\Documents\GitHub\Transformers-gamedev\Transformers\Library\PackageCache\com.unity.visualscripting@1.8.0\Editor\VisualScripting.Core\Dependencies\DotNetZip\Unity.VisualScripting.IonicZip.dll
- Loaded All Assemblies, in  0.502 seconds
Refreshing native plugins compatible for Editor in 0.40 ms, found 3 plugins.
Native extension for WindowsStandalone target not found
Mono: successfully reloaded assembly
- Finished resetting the current domain, in  0.369 seconds
Domain Reload Profiling: 869ms
	BeginReloadAssembly (214ms)
		ExecutionOrderSort (0ms)
		DisableScriptedObjects (3ms)
		BackupInstance (0ms)
		ReleaseScriptingObjects (0ms)
		CreateAndSetChildDomain (20ms)
	RebuildCommonClasses (22ms)
	RebuildNativeTypeToScriptingClass (8ms)
	initialDomainReloadingComplete (27ms)
	LoadAllAssembliesAndSetupDomain (228ms)
		LoadAssemblies (187ms)
		RebuildTransferFunctionScriptingTraits (0ms)
		AnalyzeDomain (105ms)
			TypeCache.Refresh (89ms)
				TypeCache.ScanAssembly (80ms)
			BuildScriptInfoCaches (12ms)
			ResolveRequiredComponents (2ms)
	FinalizeReload (369ms)
		ReleaseScriptCaches (0ms)
		RebuildScriptCaches (0ms)
		SetupLoadedEditorAssemblies (247ms)
			LogAssemblyErrors (0ms)
			InitializePlatformSupportModulesInManaged (2ms)
			SetLoadedEditorAssemblies (3ms)
			BeforeProcessingInitializeOnLoad (21ms)
			ProcessInitializeOnLoadAttributes (204ms)
			ProcessInitializeOnLoadMethodAttributes (14ms)
			AfterProcessingInitializeOnLoad (3ms)
			EditorAssembliesLoaded (0ms)
		ExecutionOrderSort2 (0ms)
		AwakeInstancesAfterBackupRestoration (6ms)
Launched and connected shader compiler UnityShaderCompiler.exe after 0.01 seconds
Refreshing native plugins compatible for Editor in 0.56 ms, found 3 plugins.
Preloading 0 native plugins for Editor in 0.00 ms.
Unloading 9 Unused Serialized files (Serialized files now loaded: 0)
Unloading 3154 unused Assets / (0.9 MB). Loaded Objects now: 3713.
Memory consumption went from 116.4 MB to 115.5 MB.
Total: 3.935800 ms (FindLiveObjects: 0.223600 ms CreateObjectMapping: 0.175800 ms MarkObjects: 2.884800 ms  DeleteObjects: 0.650800 ms)

========================================================================
Received Import Request.
  Time since last request: 296339.613484 seconds.
  path: Assets/TooManyCrosshairs/64px/Base/Triangle/TriangleSplitDownSolid64.png
  artifactKey: Guid(38de9c36f15f66646a09de05f13d6008) Importer(815301076,1909f56bfc062723c751e8b465ee728b)
Start importing Assets/TooManyCrosshairs/64px/Base/Triangle/TriangleSplitDownSolid64.png using Guid(38de9c36f15f66646a09de05f13d6008) Importer(815301076,1909f56bfc062723c751e8b465ee728b) (PreviewImporter) -> (artifact id: '762a411ad70aca80b0a80b0995f9e9d4') in 0.051848 seconds
Number of updated asset objects reloaded before import = 0Number of asset objects unloaded after import = 2

========================================================================
Received Import Request.
  Time since last request: 53.411077 seconds.
  path: Assets/TooManyCrosshairs/Cursors/Cursors/Attack/Attack (6).png
  artifactKey: Guid(0529c1d72fe922f4fb61edfce6ddec8d) Importer(815301076,1909f56bfc062723c751e8b465ee728b)
Start importing Assets/TooManyCrosshairs/Cursors/Cursors/Attack/Attack (6).png using Guid(0529c1d72fe922f4fb61edfce6ddec8d) Importer(815301076,1909f56bfc062723c751e8b465ee728b) (PreviewImporter) -> (artifact id: 'cb4182385d59f7d48599a10b4694053f') in 0.0335919 seconds
Number of updated asset objects reloaded before import = 0Number of asset objects unloaded after import = 3

========================================================================
Received Import Request.
  Time since last request: 0.000018 seconds.
  path: Assets/TooManyCrosshairs/Cursors/Cursors/Attack/Attack (10).png
  artifactKey: Guid(08793769be30d9a4fa29953fc8cec28e) Importer(815301076,1909f56bfc062723c751e8b465ee728b)
Start importing Assets/TooManyCrosshairs/Cursors/Cursors/Attack/Attack (10).png using Guid(08793769be30d9a4fa29953fc8cec28e) Importer(815301076,1909f56bfc062723c751e8b465ee728b) (PreviewImporter) -> (artifact id: '8b8215e6ee517747308a6297e73ad4ad') in 0.0221198 seconds
Number of updated asset objects reloaded before import = 0Number of asset objects unloaded after import = 3

========================================================================
Received Import Request.
  Time since last request: 0.567161 seconds.
  path: Assets/TooManyCrosshairs/Cursors/Cursors/Build/Build (4).png
  artifactKey: Guid(8ebe74746addda24c938d2e315bee2f2) Importer(815301076,1909f56bfc062723c751e8b465ee728b)
Start importing Assets/TooManyCrosshairs/Cursors/Cursors/Build/Build (4).png using Guid(8ebe74746addda24c938d2e315bee2f2) Importer(815301076,1909f56bfc062723c751e8b465ee728b) (PreviewImporter) -> (artifact id: 'f5924ba239359a959113c957ecf0e09a') in 0.0106793 seconds
Number of updated asset objects reloaded before import = 0Number of asset objects unloaded after import = 3

========================================================================
Received Import Request.
  Time since last request: 23.417354 seconds.
  path: Assets/TooManyCrosshairs/HorizonCrosshairs/Crosshairs/Assault5CrossRight2048.png
  artifactKey: Guid(d9cb776d04323ac4ab4dcd90d27607c2) Importer(815301076,1909f56bfc062723c751e8b465ee728b)
Start importing Assets/TooManyCrosshairs/HorizonCrosshairs/Crosshairs/Assault5CrossRight2048.png using Guid(d9cb776d04323ac4ab4dcd90d27607c2) Importer(815301076,1909f56bfc062723c751e8b465ee728b) (PreviewImporter) -> (artifact id: '729fedc301f1811c65e2de1c4dc178fd') in 0.0218896 seconds
Number of updated asset objects reloaded before import = 0Number of asset objects unloaded after import = 2

========================================================================
Received Import Request.
  Time since last request: 0.000014 seconds.
  path: Assets/TooManyCrosshairs/HorizonCrosshairs/Crosshairs/HydraFull2048.png
  artifactKey: Guid(765e5ad55ce17564582258ce6c66a18d) Importer(815301076,1909f56bfc062723c751e8b465ee728b)
Start importing Assets/TooManyCrosshairs/HorizonCrosshairs/Crosshairs/HydraFull2048.png using Guid(765e5ad55ce17564582258ce6c66a18d) Importer(815301076,1909f56bfc062723c751e8b465ee728b) (PreviewImporter) -> (artifact id: 'dc139575a2669cdf05756770b17a5bd8') in 0.0160518 seconds
Number of updated asset objects reloaded before import = 0Number of asset objects unloaded after import = 2

========================================================================
Received Import Request.
  Time since last request: 0.000016 seconds.
  path: Assets/TooManyCrosshairs/HorizonCrosshairs/Crosshairs/Assault5FullNoDot2048.png
  artifactKey: Guid(c978f29765f99744295d9e063f915c6e) Importer(815301076,1909f56bfc062723c751e8b465ee728b)
Start importing Assets/TooManyCrosshairs/HorizonCrosshairs/Crosshairs/Assault5FullNoDot2048.png using Guid(c978f29765f99744295d9e063f915c6e) Importer(815301076,1909f56bfc062723c751e8b465ee728b) (PreviewImporter) -> (artifact id: '5768e5fe2d3d60cb93cad0f422bc6d79') in 0.0131836 seconds
Number of updated asset objects reloaded before import = 0Number of asset objects unloaded after import = 2

========================================================================
Received Import Request.
  Time since last request: 0.000013 seconds.
  path: Assets/TooManyCrosshairs/HorizonCrosshairs/Crosshairs/Assault5Dot2048.png
  artifactKey: Guid(7532e968b0d0a284cb0747f8c4d87ae0) Importer(815301076,1909f56bfc062723c751e8b465ee728b)
Start importing Assets/TooManyCrosshairs/HorizonCrosshairs/Crosshairs/Assault5Dot2048.png using Guid(7532e968b0d0a284cb0747f8c4d87ae0) Importer(815301076,1909f56bfc062723c751e8b465ee728b) (PreviewImporter) -> (artifact id: '397f3a3a03ce50cbff24b96be211b4de') in 0.0127851 seconds
Number of updated asset objects reloaded before import = 0Number of asset objects unloaded after import = 2

========================================================================
Received Import Request.
  Time since last request: 0.000011 seconds.
  path: Assets/TooManyCrosshairs/HorizonCrosshairs/Crosshairs/BoltShotInner2048.png
  artifactKey: Guid(034ac153bdf396e4c8776ba8d5fe1be8) Importer(815301076,1909f56bfc062723c751e8b465ee728b)
Start importing Assets/TooManyCrosshairs/HorizonCrosshairs/Crosshairs/BoltShotInner2048.png using Guid(034ac153bdf396e4c8776ba8d5fe1be8) Importer(815301076,1909f56bfc062723c751e8b465ee728b) (PreviewImporter) -> (artifact id: 'f633bc19ef57c643813be7b85d7caa16') in 0.0122653 seconds
Number of updated asset objects reloaded before import = 0Number of asset objects unloaded after import = 2

========================================================================
Received Import Request.
  Time since last request: 0.000023 seconds.
  path: Assets/TooManyCrosshairs/HorizonCrosshairs/Crosshairs/AssaultRifleFull2048.png
  artifactKey: Guid(febb06c1f20a4c842bc7e3be476c2e26) Importer(815301076,1909f56bfc062723c751e8b465ee728b)
Start importing Assets/TooManyCrosshairs/HorizonCrosshairs/Crosshairs/AssaultRifleFull2048.png using Guid(febb06c1f20a4c842bc7e3be476c2e26) Importer(815301076,1909f56bfc062723c751e8b465ee728b) (PreviewImporter) -> (artifact id: 'd56f3c0bc52ab2628c448b923658d06e') in 0.0147336 seconds
Number of updated asset objects reloaded before import = 0Number of asset objects unloaded after import = 2

========================================================================
Received Import Request.
  Time since last request: 0.000029 seconds.
  path: Assets/TooManyCrosshairs/HorizonCrosshairs/Crosshairs/BoltShotOuter2048.png
  artifactKey: Guid(fd2d510487e11e34ab49e13165fef434) Importer(815301076,1909f56bfc062723c751e8b465ee728b)
Start importing Assets/TooManyCrosshairs/HorizonCrosshairs/Crosshairs/BoltShotOuter2048.png using Guid(fd2d510487e11e34ab49e13165fef434) Importer(815301076,1909f56bfc062723c751e8b465ee728b) (PreviewImporter) -> (artifact id: '980aca463f3ff5c2860ba55e30b8b6f8') in 0.0140664 seconds
Number of updated asset objects reloaded before import = 0Number of asset objects unloaded after import = 2

========================================================================
Received Import Request.
  Time since last request: 0.000032 seconds.
  path: Assets/TooManyCrosshairs/HorizonCrosshairs/Crosshairs/IncineratorFull2048.png
  artifactKey: Guid(8afeb5d3fc354ad4d8682cbe4cf04b24) Importer(815301076,1909f56bfc062723c751e8b465ee728b)
Start importing Assets/TooManyCrosshairs/HorizonCrosshairs/Crosshairs/IncineratorFull2048.png using Guid(8afeb5d3fc354ad4d8682cbe4cf04b24) Importer(815301076,1909f56bfc062723c751e8b465ee728b) (PreviewImporter) -> (artifact id: '1c10b6efb59f1c510baf89de308ab77c') in 0.0155285 seconds
Number of updated asset objects reloaded before import = 0Number of asset objects unloaded after import = 2

========================================================================
Received Import Request.
  Time since last request: 0.000013 seconds.
  path: Assets/TooManyCrosshairs/HorizonCrosshairs/Crosshairs/IncineratorInner2048.png
  artifactKey: Guid(45199d7cc0f5c77419fc36045d2b5dbe) Importer(815301076,1909f56bfc062723c751e8b465ee728b)
Start importing Assets/TooManyCrosshairs/HorizonCrosshairs/Crosshairs/IncineratorInner2048.png using Guid(45199d7cc0f5c77419fc36045d2b5dbe) Importer(815301076,1909f56bfc062723c751e8b465ee728b) (PreviewImporter) -> (artifact id: '13d7ad15e97b7d5315114de85c71206b') in 0.0174513 seconds
Number of updated asset objects reloaded before import = 0Number of asset objects unloaded after import = 2

========================================================================
Received Import Request.
  Time since last request: 0.000013 seconds.
  path: Assets/TooManyCrosshairs/HorizonCrosshairs/Crosshairs/BoltShotFull2048.png
  artifactKey: Guid(ee579ce34746d084682cedad1f645b0a) Importer(815301076,1909f56bfc062723c751e8b465ee728b)
Start importing Assets/TooManyCrosshairs/HorizonCrosshairs/Crosshairs/BoltShotFull2048.png using Guid(ee579ce34746d084682cedad1f645b0a) Importer(815301076,1909f56bfc062723c751e8b465ee728b) (PreviewImporter) -> (artifact id: 'a111eaa76a6461c05277bd0d3276679f') in 0.0151938 seconds
Number of updated asset objects reloaded before import = 0Number of asset objects unloaded after import = 2

========================================================================
Received Import Request.
  Time since last request: 0.000040 seconds.
  path: Assets/TooManyCrosshairs/HorizonCrosshairs/Crosshairs/AssaultRifleRight2048.png
  artifactKey: Guid(9fb58ffdb6fe17a4ca30b5c8f05c23ab) Importer(815301076,1909f56bfc062723c751e8b465ee728b)
Start importing Assets/TooManyCrosshairs/HorizonCrosshairs/Crosshairs/AssaultRifleRight2048.png using Guid(9fb58ffdb6fe17a4ca30b5c8f05c23ab) Importer(815301076,1909f56bfc062723c751e8b465ee728b) (PreviewImporter) -> (artifact id: '9b057897cdf9f8e29196b0a4a2d4ac9d') in 0.0147511 seconds
Number of updated asset objects reloaded before import = 0Number of asset objects unloaded after import = 2

========================================================================
Received Import Request.
  Time since last request: 0.000017 seconds.
  path: Assets/TooManyCrosshairs/HorizonCrosshairs/Crosshairs/Assault5Full2048.png
  artifactKey: Guid(eeecffffb98c5a44a889e45e044114fb) Importer(815301076,1909f56bfc062723c751e8b465ee728b)
Start importing Assets/TooManyCrosshairs/HorizonCrosshairs/Crosshairs/Assault5Full2048.png using Guid(eeecffffb98c5a44a889e45e044114fb) Importer(815301076,1909f56bfc062723c751e8b465ee728b) (PreviewImporter) -> (artifact id: '571673629da07e8854d3128f498a4968') in 0.0106259 seconds
Number of updated asset objects reloaded before import = 0Number of asset objects unloaded after import = 2

========================================================================
Received Import Request.
  Time since last request: 11.856259 seconds.
  path: Assets/TooManyCrosshairs/HorizonCrosshairs/Crosshairs/Pistol5OuterRing2048.png
  artifactKey: Guid(a5533605276820e4cb9b712ce36fb540) Importer(815301076,1909f56bfc062723c751e8b465ee728b)
Start importing Assets/TooManyCrosshairs/HorizonCrosshairs/Crosshairs/Pistol5OuterRing2048.png using Guid(a5533605276820e4cb9b712ce36fb540) Importer(815301076,1909f56bfc062723c751e8b465ee728b) (PreviewImporter) -> (artifact id: 'bbba42842036a95b9776006dc23a1336') in 0.0234016 seconds
Number of updated asset objects reloaded before import = 0Number of asset objects unloaded after import = 2

========================================================================
Received Import Request.
  Time since last request: 0.000014 seconds.
  path: Assets/TooManyCrosshairs/HorizonCrosshairs/Crosshairs/PistolCross2048.png
  artifactKey: Guid(5e2ff615322d8574186c886208512b08) Importer(815301076,1909f56bfc062723c751e8b465ee728b)
Start importing Assets/TooManyCrosshairs/HorizonCrosshairs/Crosshairs/PistolCross2048.png using Guid(5e2ff615322d8574186c886208512b08) Importer(815301076,1909f56bfc062723c751e8b465ee728b) (PreviewImporter) -> (artifact id: 'd9150f5087f6d9dff42b5fd44ed15a2b') in 0.0206355 seconds
Number of updated asset objects reloaded before import = 0Number of asset objects unloaded after import = 2

========================================================================
Received Import Request.
  Time since last request: 0.043989 seconds.
  path: Assets/TooManyCrosshairs/HorizonCrosshairs/Crosshairs/PlasmaPistolSoftRing2048.png
  artifactKey: Guid(4a547091ecd3f3349856c90a39e20a52) Importer(815301076,1909f56bfc062723c751e8b465ee728b)
Start importing Assets/TooManyCrosshairs/HorizonCrosshairs/Crosshairs/PlasmaPistolSoftRing2048.png using Guid(4a547091ecd3f3349856c90a39e20a52) Importer(815301076,1909f56bfc062723c751e8b465ee728b) (PreviewImporter) -> (artifact id: 'ac460c0a78e8148094cb4e2d72e36a42') in 0.0183904 seconds
Number of updated asset objects reloaded before import = 0Number of asset objects unloaded after import = 2

========================================================================
Received Import Request.
  Time since last request: 0.000012 seconds.
  path: Assets/TooManyCrosshairs/HorizonCrosshairs/Crosshairs/RailgunChargeUpRing2048.png
  artifactKey: Guid(d158641cf06389445b088903ee9c3bd9) Importer(815301076,1909f56bfc062723c751e8b465ee728b)
Start importing Assets/TooManyCrosshairs/HorizonCrosshairs/Crosshairs/RailgunChargeUpRing2048.png using Guid(d158641cf06389445b088903ee9c3bd9) Importer(815301076,1909f56bfc062723c751e8b465ee728b) (PreviewImporter) -> (artifact id: 'e56173018356c091140011e8a969a9d2') in 0.0182324 seconds
Number of updated asset objects reloaded before import = 0Number of asset objects unloaded after import = 2

========================================================================
Received Import Request.
  Time since last request: 0.014247 seconds.
  path: Assets/TooManyCrosshairs/HorizonCrosshairs/Crosshairs/RocketLauncher2048.png
  artifactKey: Guid(33dfa090efe1bc442b27c137d87e3ad5) Importer(815301076,1909f56bfc062723c751e8b465ee728b)
Start importing Assets/TooManyCrosshairs/HorizonCrosshairs/Crosshairs/RocketLauncher2048.png using Guid(33dfa090efe1bc442b27c137d87e3ad5) Importer(815301076,1909f56bfc062723c751e8b465ee728b) (PreviewImporter) -> (artifact id: 'bab97612eef277aedeae299ac64ec474') in 0.0191716 seconds
Number of updated asset objects reloaded before import = 0Number of asset objects unloaded after import = 2

========================================================================
Received Import Request.
  Time since last request: 0.000046 seconds.
  path: Assets/TooManyCrosshairs/HorizonCrosshairs/Crosshairs/RocketLauncherInner2048.png
  artifactKey: Guid(51e69742cf131b1488342c14dc0e9a5d) Importer(815301076,1909f56bfc062723c751e8b465ee728b)
Start importing Assets/TooManyCrosshairs/HorizonCrosshairs/Crosshairs/RocketLauncherInner2048.png using Guid(51e69742cf131b1488342c14dc0e9a5d) Importer(815301076,1909f56bfc062723c751e8b465ee728b) (PreviewImporter) -> (artifact id: 'f063438c2422e7b7373b1257fbc32268') in 0.013563 seconds
Number of updated asset objects reloaded before import = 0Number of asset objects unloaded after import = 2

========================================================================
Received Import Request.
  Time since last request: 0.505271 seconds.
  path: Assets/TooManyCrosshairs/HorizonCrosshairs/Crosshairs/SMGdymanicDown2048.png
  artifactKey: Guid(f3c888c8afc90074d8b7eff1162cec6f) Importer(815301076,1909f56bfc062723c751e8b465ee728b)
Start importing Assets/TooManyCrosshairs/HorizonCrosshairs/Crosshairs/SMGdymanicDown2048.png using Guid(f3c888c8afc90074d8b7eff1162cec6f) Importer(815301076,1909f56bfc062723c751e8b465ee728b) (PreviewImporter) -> (artifact id: '7cca982ad05be8ad87d590109631320f') in 0.013683 seconds
Number of updated asset objects reloaded before import = 0Number of asset objects unloaded after import = 2

========================================================================
Received Import Request.
  Time since last request: 0.011829 seconds.
  path: Assets/TooManyCrosshairs/HorizonCrosshairs/Crosshairs/StormRifleNE2048.png
  artifactKey: Guid(85ca9f17a9b88e44bb5f36b302152872) Importer(815301076,1909f56bfc062723c751e8b465ee728b)
Start importing Assets/TooManyCrosshairs/HorizonCrosshairs/Crosshairs/StormRifleNE2048.png using Guid(85ca9f17a9b88e44bb5f36b302152872) Importer(815301076,1909f56bfc062723c751e8b465ee728b) (PreviewImporter) -> (artifact id: '3802e0668c796ceef562d274030451f1') in 0.0130095 seconds
Number of updated asset objects reloaded before import = 0Number of asset objects unloaded after import = 2

Editor requested this worker to shutdown with reason: Scaling down because of idle timeout
AssetImportWorkerClient::OnTransportError - code=2 error=End of file
AssetImportWorker is now disconnected from the server
Process exiting
Exiting without the bug reporter. Application will terminate with return code 0