Using pre-set license
Built from '2023.2/staging' branch; Version is '2023.2.14f1 (eeca29774eb5) revision 15649321'; Using compiler version '193431935'; Build Type 'Release'
OS: 'Windows 11  (10.0.22631) 64bit Core' Language: 'en' Physical Memory: 32559 MB
BatchMode: 1, IsHumanControllingUs: 0, StartBugReporterOnCrash: 0, Is64bit: 1, IsPro: 1

COMMAND LINE ARGUMENTS:
C:\Program Files\Unity\Hub\Editor\2023.2.14f1\Editor\Unity.exe
-adb2
-batchMode
-noUpm
-name
AssetImportWorker2
-projectPath
C:/Users/james/OneDrive/Documents/GitHub/Transformers-gamedev/Transformers
-logFile
Logs/AssetImportWorker2.log
-srvPort
63588
-job-worker-count
11
-background-job-worker-count
8
-asset-garbage-collectors
1
Successfully changed project path to: C:/Users/james/OneDrive/Documents/GitHub/Transformers-gamedev/Transformers
C:/Users/james/OneDrive/Documents/GitHub/Transformers-gamedev/Transformers
[UnityMemory] Configuration Parameters - Can be set up in boot.config
    "memorysetup-bucket-allocator-granularity=16"
    "memorysetup-bucket-allocator-bucket-count=8"
    "memorysetup-bucket-allocator-block-size=33554432"
    "memorysetup-bucket-allocator-block-count=8"
    "memorysetup-main-allocator-block-size=16777216"
    "memorysetup-thread-allocator-block-size=16777216"
    "memorysetup-gfx-main-allocator-block-size=16777216"
    "memorysetup-gfx-thread-allocator-block-size=16777216"
    "memorysetup-cache-allocator-block-size=4194304"
    "memorysetup-typetree-allocator-block-size=2097152"
    "memorysetup-profiler-bucket-allocator-granularity=16"
    "memorysetup-profiler-bucket-allocator-bucket-count=8"
    "memorysetup-profiler-bucket-allocator-block-size=33554432"
    "memorysetup-profiler-bucket-allocator-block-count=8"
    "memorysetup-profiler-allocator-block-size=16777216"
    "memorysetup-profiler-editor-allocator-block-size=1048576"
    "memorysetup-temp-allocator-size-main=16777216"
    "memorysetup-job-temp-allocator-block-size=2097152"
    "memorysetup-job-temp-allocator-block-size-background=1048576"
    "memorysetup-job-temp-allocator-reduction-small-platforms=262144"
    "memorysetup-allocator-temp-initial-block-size-main=262144"
    "memorysetup-allocator-temp-initial-block-size-worker=262144"
    "memorysetup-temp-allocator-size-background-worker=32768"
    "memorysetup-temp-allocator-size-job-worker=262144"
    "memorysetup-temp-allocator-size-preload-manager=33554432"
    "memorysetup-temp-allocator-size-nav-mesh-worker=65536"
    "memorysetup-temp-allocator-size-audio-worker=65536"
    "memorysetup-temp-allocator-size-cloud-worker=32768"
    "memorysetup-temp-allocator-size-gi-baking-worker=262144"
    "memorysetup-temp-allocator-size-gi-baking-worker=262144"
    "memorysetup-temp-allocator-size-gi-baking-worker=262144"
    "memorysetup-temp-allocator-size-gi-baking-worker=262144"
    "memorysetup-temp-allocator-size-gfx=262144"
Player connection [33628] Host "[IP] 192.168.1.66 [Port] 0 [Flags] 2 [Guid] 3258173507 [EditorId] 3258173507 [Version] 1048832 [Id] WindowsEditor(7,james-desktop) [Debug] 1 [PackageName] WindowsEditor [ProjectName] Editor" joined multi-casting on [225.0.0.222:54997]...
Player connection [33628] Host "[IP] 192.168.1.66 [Port] 0 [Flags] 2 [Guid] 3258173507 [EditorId] 3258173507 [Version] 1048832 [Id] WindowsEditor(7,james-desktop) [Debug] 1 [PackageName] WindowsEditor [ProjectName] Editor" joined alternative multi-casting on [225.0.0.222:34997]...
JobSystem: Creating JobQueue using job-worker-count value 11
[Physics::Module] Initialized MultithreadedJobDispatcher with 11 workers.
Library Redirect Path: Library/
Refreshing native plugins compatible for Editor in 0.75 ms, found 3 plugins.
Preloading 0 native plugins for Editor in 0.00 ms.
Initialize engine version: 2023.2.14f1 (eeca29774eb5)
[Subsystems] Discovering subsystems at path C:/Program Files/Unity/Hub/Editor/2023.2.14f1/Editor/Data/Resources/UnitySubsystems
[Subsystems] Discovering subsystems at path C:/Users/james/OneDrive/Documents/GitHub/Transformers-gamedev/Transformers/Assets
GfxDevice: creating device client; kGfxThreadingModeNonThreaded
Direct3D:
    Version:  Direct3D 11.0 [level 11.1]
    Renderer: NVIDIA GeForce RTX 3080 Ti (ID=0x2208)
    Vendor:   NVIDIA
    VRAM:     12100 MB
    Driver:   31.0.15.4633
Initialize mono
Mono path[0] = 'C:/Program Files/Unity/Hub/Editor/2023.2.14f1/Editor/Data/Managed'
Mono path[1] = 'C:/Program Files/Unity/Hub/Editor/2023.2.14f1/Editor/Data/MonoBleedingEdge/lib/mono/unityjit-win32'
Mono config path = 'C:/Program Files/Unity/Hub/Editor/2023.2.14f1/Editor/Data/MonoBleedingEdge/etc'
Using monoOptions --debugger-agent=transport=dt_socket,embedding=1,server=y,suspend=n,address=127.0.0.1:56808
Begin MonoManager ReloadAssembly
C:\build\output\Unity-Technologies\mono\mono\metadata\icall.c:1842:
C:\build\output\Unity-Technologies\mono\mono\metadata\icall.c:1842:
C:\build\output\Unity-Technologies\mono\mono\metadata\icall.c:1842:
C:\build\output\Unity-Technologies\mono\mono\metadata\icall.c:1842:
C:\build\output\Unity-Technologies\mono\mono\metadata\icall.c:1842:
C:\build\output\Unity-Technologies\mono\mono\metadata\icall.c:1842:
C:\build\output\Unity-Technologies\mono\mono\metadata\icall.c:1842:
C:\build\output\Unity-Technologies\mono\mono\metadata\icall.c:1842:
C:\build\output\Unity-Technologies\mono\mono\metadata\icall.c:1842:
C:\build\output\Unity-Technologies\mono\mono\metadata\icall.c:1842:
Registering precompiled unity dll's ...
Register platform support module: C:/Program Files/Unity/Hub/Editor/2023.2.14f1/Editor/Data/PlaybackEngines/WindowsStandaloneSupport/UnityEditor.WindowsStandalone.Extensions.dll
Registered in 0.001695 seconds.
- Loaded All Assemblies, in  0.527 seconds
Native extension for WindowsStandalone target not found
Mono: successfully reloaded assembly
C:\build\output\Unity-Technologies\mono\mono\metadata\icall.c:1842:
C:\build\output\Unity-Technologies\mono\mono\metadata\icall.c:1842:
- Finished resetting the current domain, in  0.188 seconds
Domain Reload Profiling: 714ms
	BeginReloadAssembly (84ms)
		ExecutionOrderSort (0ms)
		DisableScriptedObjects (0ms)
		BackupInstance (0ms)
		ReleaseScriptingObjects (0ms)
		CreateAndSetChildDomain (1ms)
	RebuildCommonClasses (147ms)
	RebuildNativeTypeToScriptingClass (8ms)
	initialDomainReloadingComplete (31ms)
	LoadAllAssembliesAndSetupDomain (255ms)
		LoadAssemblies (82ms)
		RebuildTransferFunctionScriptingTraits (0ms)
		AnalyzeDomain (254ms)
			TypeCache.Refresh (253ms)
				TypeCache.ScanAssembly (244ms)
			BuildScriptInfoCaches (0ms)
			ResolveRequiredComponents (0ms)
	FinalizeReload (188ms)
		ReleaseScriptCaches (0ms)
		RebuildScriptCaches (0ms)
		SetupLoadedEditorAssemblies (156ms)
			LogAssemblyErrors (0ms)
			InitializePlatformSupportModulesInManaged (6ms)
			SetLoadedEditorAssemblies (3ms)
			BeforeProcessingInitializeOnLoad (3ms)
			ProcessInitializeOnLoadAttributes (111ms)
			ProcessInitializeOnLoadMethodAttributes (33ms)
			AfterProcessingInitializeOnLoad (0ms)
			EditorAssembliesLoaded (0ms)
		ExecutionOrderSort2 (0ms)
		AwakeInstancesAfterBackupRestoration (0ms)
========================================================================
Worker process is ready to serve import requests
Import Worker Mode flag is 0x00
Begin MonoManager ReloadAssembly
C:\build\output\Unity-Technologies\mono\mono\metadata\icall.c:1842:
C:\build\output\Unity-Technologies\mono\mono\metadata\icall.c:1842:
C:\build\output\Unity-Technologies\mono\mono\metadata\icall.c:1842:
C:\build\output\Unity-Technologies\mono\mono\metadata\icall.c:1842:
C:\build\output\Unity-Technologies\mono\mono\metadata\icall.c:1842:
C:\build\output\Unity-Technologies\mono\mono\metadata\icall.c:1842:
C:\build\output\Unity-Technologies\mono\mono\metadata\icall.c:1842:
C:\build\output\Unity-Technologies\mono\mono\metadata\icall.c:1842:
C:\build\output\Unity-Technologies\mono\mono\metadata\icall.c:1842:
C:\build\output\Unity-Technologies\mono\mono\metadata\icall.c:1842:
C:\build\output\Unity-Technologies\mono\mono\metadata\icall.c:1842:
C:\build\output\Unity-Technologies\mono\mono\metadata\icall.c:1842:
Symbol file LoadedFromMemory doesn't match image C:\Users\james\OneDrive\Documents\GitHub\Transformers-gamedev\Transformers\Library\PackageCache\com.unity.visualscripting@1.8.0\Editor\VisualScripting.Core\Dependencies\YamlDotNet\Unity.VisualScripting.YamlDotNet.dll
Symbol file LoadedFromMemory doesn't match image C:\Users\james\OneDrive\Documents\GitHub\Transformers-gamedev\Transformers\Library\PackageCache\com.unity.visualscripting@1.8.0\Editor\VisualScripting.Core\Dependencies\DotNetZip\Unity.VisualScripting.IonicZip.dll
- Loaded All Assemblies, in  0.549 seconds
Refreshing native plugins compatible for Editor in 0.43 ms, found 3 plugins.
Native extension for WindowsStandalone target not found
Mono: successfully reloaded assembly
- Finished resetting the current domain, in  0.374 seconds
Domain Reload Profiling: 921ms
	BeginReloadAssembly (210ms)
		ExecutionOrderSort (0ms)
		DisableScriptedObjects (4ms)
		BackupInstance (0ms)
		ReleaseScriptingObjects (0ms)
		CreateAndSetChildDomain (19ms)
	RebuildCommonClasses (23ms)
	RebuildNativeTypeToScriptingClass (8ms)
	initialDomainReloadingComplete (25ms)
	LoadAllAssembliesAndSetupDomain (280ms)
		LoadAssemblies (198ms)
		RebuildTransferFunctionScriptingTraits (0ms)
		AnalyzeDomain (144ms)
			TypeCache.Refresh (126ms)
				TypeCache.ScanAssembly (78ms)
			BuildScriptInfoCaches (13ms)
			ResolveRequiredComponents (4ms)
	FinalizeReload (374ms)
		ReleaseScriptCaches (0ms)
		RebuildScriptCaches (0ms)
		SetupLoadedEditorAssemblies (253ms)
			LogAssemblyErrors (0ms)
			InitializePlatformSupportModulesInManaged (2ms)
			SetLoadedEditorAssemblies (3ms)
			BeforeProcessingInitializeOnLoad (22ms)
			ProcessInitializeOnLoadAttributes (208ms)
			ProcessInitializeOnLoadMethodAttributes (15ms)
			AfterProcessingInitializeOnLoad (3ms)
			EditorAssembliesLoaded (0ms)
		ExecutionOrderSort2 (0ms)
		AwakeInstancesAfterBackupRestoration (6ms)
Launched and connected shader compiler UnityShaderCompiler.exe after 0.02 seconds
Refreshing native plugins compatible for Editor in 0.48 ms, found 3 plugins.
Preloading 0 native plugins for Editor in 0.00 ms.
Unloading 9 Unused Serialized files (Serialized files now loaded: 0)
Unloading 3154 unused Assets / (0.9 MB). Loaded Objects now: 3713.
Memory consumption went from 116.4 MB to 115.5 MB.
Total: 3.672000 ms (FindLiveObjects: 0.215900 ms CreateObjectMapping: 0.166200 ms MarkObjects: 2.716400 ms  DeleteObjects: 0.572800 ms)

========================================================================
Received Import Request.
  Time since last request: 296318.888123 seconds.
  path: Assets/TooManyCrosshairs/64px/Base/Cross
  artifactKey: Guid(db1c3d1f70438074999338f1aa4f1803) Importer(815301076,1909f56bfc062723c751e8b465ee728b)
Start importing Assets/TooManyCrosshairs/64px/Base/Cross using Guid(db1c3d1f70438074999338f1aa4f1803) Importer(815301076,1909f56bfc062723c751e8b465ee728b) (PreviewImporter) -> (artifact id: '3e0817166bb55c9c66b754b52d7045a3') in 0.0044357 seconds
Number of updated asset objects reloaded before import = 0Number of asset objects unloaded after import = 0

========================================================================
Received Import Request.
  Time since last request: 0.078741 seconds.
  path: Assets/TooManyCrosshairs/64px/Base/Cross/Cross64.png
  artifactKey: Guid(86e511029e8e4bf4aa12fffcc8146e47) Importer(815301076,1909f56bfc062723c751e8b465ee728b)
Start importing Assets/TooManyCrosshairs/64px/Base/Cross/Cross64.png using Guid(86e511029e8e4bf4aa12fffcc8146e47) Importer(815301076,1909f56bfc062723c751e8b465ee728b) (PreviewImporter) -> (artifact id: 'dbefe76b0344e57498f29193e5143efe') in 0.0437063 seconds
Number of updated asset objects reloaded before import = 0Number of asset objects unloaded after import = 2

========================================================================
Received Import Request.
  Time since last request: 6.796673 seconds.
  path: Assets/TooManyCrosshairs/64px/Base/Dots
  artifactKey: Guid(fe14460cafcc0d24bb02e534cefc8e9c) Importer(815301076,1909f56bfc062723c751e8b465ee728b)
Start importing Assets/TooManyCrosshairs/64px/Base/Dots using Guid(fe14460cafcc0d24bb02e534cefc8e9c) Importer(815301076,1909f56bfc062723c751e8b465ee728b) (PreviewImporter) -> (artifact id: '28187f816435167b12e2582a6efd2b58') in 0.0004267 seconds
Number of updated asset objects reloaded before import = 0Number of asset objects unloaded after import = 0

========================================================================
Received Import Request.
  Time since last request: 0.072638 seconds.
  path: Assets/TooManyCrosshairs/64px/Base/Dots/DotRound64.png
  artifactKey: Guid(f2da66c40a009654eb0f95a8e5026ece) Importer(815301076,1909f56bfc062723c751e8b465ee728b)
Start importing Assets/TooManyCrosshairs/64px/Base/Dots/DotRound64.png using Guid(f2da66c40a009654eb0f95a8e5026ece) Importer(815301076,1909f56bfc062723c751e8b465ee728b) (PreviewImporter) -> (artifact id: '0f8d7fa35b7da651a2f1f14004b4f0d8') in 0.0328623 seconds
Number of updated asset objects reloaded before import = 0Number of asset objects unloaded after import = 2

========================================================================
Received Import Request.
  Time since last request: 1.854918 seconds.
  path: Assets/TooManyCrosshairs/64px/Base/Hex
  artifactKey: Guid(e9c4a33ec2b39b54b808f8cde1be2b3b) Importer(815301076,1909f56bfc062723c751e8b465ee728b)
Start importing Assets/TooManyCrosshairs/64px/Base/Hex using Guid(e9c4a33ec2b39b54b808f8cde1be2b3b) Importer(815301076,1909f56bfc062723c751e8b465ee728b) (PreviewImporter) -> (artifact id: '96d1eca4d176e76fa1efde208b7e7c48') in 0.0004303 seconds
Number of updated asset objects reloaded before import = 0Number of asset objects unloaded after import = 0

========================================================================
Received Import Request.
  Time since last request: 0.051223 seconds.
  path: Assets/TooManyCrosshairs/64px/Base/Hex/Hex64.png
  artifactKey: Guid(ae01690757be0b94b9911e97e45327e6) Importer(815301076,1909f56bfc062723c751e8b465ee728b)
Start importing Assets/TooManyCrosshairs/64px/Base/Hex/Hex64.png using Guid(ae01690757be0b94b9911e97e45327e6) Importer(815301076,1909f56bfc062723c751e8b465ee728b) (PreviewImporter) -> (artifact id: 'd97671441bc408ba7ea55e63ca1f96c5') in 0.0102994 seconds
Number of updated asset objects reloaded before import = 0Number of asset objects unloaded after import = 2

========================================================================
Received Import Request.
  Time since last request: 1.926538 seconds.
  path: Assets/TooManyCrosshairs/64px/Base/Line
  artifactKey: Guid(d59d786e27eb8254b98c597104ea7500) Importer(815301076,1909f56bfc062723c751e8b465ee728b)
Start importing Assets/TooManyCrosshairs/64px/Base/Line using Guid(d59d786e27eb8254b98c597104ea7500) Importer(815301076,1909f56bfc062723c751e8b465ee728b) (PreviewImporter) -> (artifact id: '899d1442efe8f1f2a311fd1d2e517356') in 0.0004154 seconds
Number of updated asset objects reloaded before import = 0Number of asset objects unloaded after import = 0

========================================================================
Received Import Request.
  Time since last request: 0.068297 seconds.
  path: Assets/TooManyCrosshairs/64px/Base/Line/LineCenteredUp2px64.png
  artifactKey: Guid(86bebce0aae2b68428c972d851a028b7) Importer(815301076,1909f56bfc062723c751e8b465ee728b)
Start importing Assets/TooManyCrosshairs/64px/Base/Line/LineCenteredUp2px64.png using Guid(86bebce0aae2b68428c972d851a028b7) Importer(815301076,1909f56bfc062723c751e8b465ee728b) (PreviewImporter) -> (artifact id: 'b2f2a9432adb230f737ef8b4b995b468') in 0.0093068 seconds
Number of updated asset objects reloaded before import = 0Number of asset objects unloaded after import = 2

========================================================================
Received Import Request.
  Time since last request: 0.000014 seconds.
  path: Assets/TooManyCrosshairs/64px/Base/Line/LineCenteredUpLong3px64.png
  artifactKey: Guid(af80c952c5b260e4da3517605254408a) Importer(815301076,1909f56bfc062723c751e8b465ee728b)
Start importing Assets/TooManyCrosshairs/64px/Base/Line/LineCenteredUpLong3px64.png using Guid(af80c952c5b260e4da3517605254408a) Importer(815301076,1909f56bfc062723c751e8b465ee728b) (PreviewImporter) -> (artifact id: '5715a4ef9d13d0a45247be480b275e19') in 0.0079775 seconds
Number of updated asset objects reloaded before import = 0Number of asset objects unloaded after import = 2

========================================================================
Received Import Request.
  Time since last request: 1.864341 seconds.
  path: Assets/TooManyCrosshairs/64px/Base/Ring
  artifactKey: Guid(0b4e9874321ebe34384b7fae7b59aeca) Importer(815301076,1909f56bfc062723c751e8b465ee728b)
Start importing Assets/TooManyCrosshairs/64px/Base/Ring using Guid(0b4e9874321ebe34384b7fae7b59aeca) Importer(815301076,1909f56bfc062723c751e8b465ee728b) (PreviewImporter) -> (artifact id: '0b8537942fd1d8f3dfc1202b6b9e20e8') in 0.0004453 seconds
Number of updated asset objects reloaded before import = 0Number of asset objects unloaded after import = 0

========================================================================
Received Import Request.
  Time since last request: 0.041814 seconds.
  path: Assets/TooManyCrosshairs/64px/Base/Ring/Ring8Split64.png
  artifactKey: Guid(3b602e6a3a3515d44911e2125c00c8ac) Importer(815301076,1909f56bfc062723c751e8b465ee728b)
Start importing Assets/TooManyCrosshairs/64px/Base/Ring/Ring8Split64.png using Guid(3b602e6a3a3515d44911e2125c00c8ac) Importer(815301076,1909f56bfc062723c751e8b465ee728b) (PreviewImporter) -> (artifact id: 'b5c820841decf57c0f8335631c67ceaa') in 0.0083949 seconds
Number of updated asset objects reloaded before import = 0Number of asset objects unloaded after import = 2

========================================================================
Received Import Request.
  Time since last request: 2.366486 seconds.
  path: Assets/TooManyCrosshairs/64px/Base/Square
  artifactKey: Guid(bfbaa6f1522a5344da56aec9ade5cc0a) Importer(815301076,1909f56bfc062723c751e8b465ee728b)
Start importing Assets/TooManyCrosshairs/64px/Base/Square using Guid(bfbaa6f1522a5344da56aec9ade5cc0a) Importer(815301076,1909f56bfc062723c751e8b465ee728b) (PreviewImporter) -> (artifact id: 'b3c7fa2ef8609fbb74077f675bed4c53') in 0.0004182 seconds
Number of updated asset objects reloaded before import = 0Number of asset objects unloaded after import = 0

========================================================================
Received Import Request.
  Time since last request: 0.046764 seconds.
  path: Assets/TooManyCrosshairs/64px/Base/Square/Square2Split64.png
  artifactKey: Guid(328f7d93d2423b14db74cfe53b90b031) Importer(815301076,1909f56bfc062723c751e8b465ee728b)
Start importing Assets/TooManyCrosshairs/64px/Base/Square/Square2Split64.png using Guid(328f7d93d2423b14db74cfe53b90b031) Importer(815301076,1909f56bfc062723c751e8b465ee728b) (PreviewImporter) -> (artifact id: 'e6ad6921100f9390b2f6778fbe4e381a') in 0.0121061 seconds
Number of updated asset objects reloaded before import = 0Number of asset objects unloaded after import = 2

========================================================================
Received Import Request.
  Time since last request: 0.002490 seconds.
  path: Assets/TooManyCrosshairs/64px/Base/Square/SquareXHair3px64.png
  artifactKey: Guid(d5a09d05107c2024e96587922f8c3cde) Importer(815301076,1909f56bfc062723c751e8b465ee728b)
Start importing Assets/TooManyCrosshairs/64px/Base/Square/SquareXHair3px64.png using Guid(d5a09d05107c2024e96587922f8c3cde) Importer(815301076,1909f56bfc062723c751e8b465ee728b) (PreviewImporter) -> (artifact id: '979e0bc9a8a910ca9a4c71e0ab886423') in 0.0110653 seconds
Number of updated asset objects reloaded before import = 0Number of asset objects unloaded after import = 2

========================================================================
Received Import Request.
  Time since last request: 0.000013 seconds.
  path: Assets/TooManyCrosshairs/64px/Base/Square/SquareXHair64.png
  artifactKey: Guid(6f7feb9861999ca4983a96cea7631771) Importer(815301076,1909f56bfc062723c751e8b465ee728b)
Start importing Assets/TooManyCrosshairs/64px/Base/Square/SquareXHair64.png using Guid(6f7feb9861999ca4983a96cea7631771) Importer(815301076,1909f56bfc062723c751e8b465ee728b) (PreviewImporter) -> (artifact id: '770d213480d86af123f5d8990d4f2c76') in 0.0175183 seconds
Number of updated asset objects reloaded before import = 0Number of asset objects unloaded after import = 2

========================================================================
Received Import Request.
  Time since last request: 2.279847 seconds.
  path: Assets/TooManyCrosshairs/64px/Base/Star
  artifactKey: Guid(0f664a379aeff7247954ac8c39c2254d) Importer(815301076,1909f56bfc062723c751e8b465ee728b)
Start importing Assets/TooManyCrosshairs/64px/Base/Star using Guid(0f664a379aeff7247954ac8c39c2254d) Importer(815301076,1909f56bfc062723c751e8b465ee728b) (PreviewImporter) -> (artifact id: 'e12579219e4dda1c9cf6c26606a6aa61') in 0.0004217 seconds
Number of updated asset objects reloaded before import = 0Number of asset objects unloaded after import = 0

========================================================================
Received Import Request.
  Time since last request: 0.084422 seconds.
  path: Assets/TooManyCrosshairs/64px/Base/Star/Star64.png
  artifactKey: Guid(fe738aee2584c6a4da6467030635446c) Importer(815301076,1909f56bfc062723c751e8b465ee728b)
Start importing Assets/TooManyCrosshairs/64px/Base/Star/Star64.png using Guid(fe738aee2584c6a4da6467030635446c) Importer(815301076,1909f56bfc062723c751e8b465ee728b) (PreviewImporter) -> (artifact id: 'c1c1de5527ac5512769bc053967a50a2') in 0.0116502 seconds
Number of updated asset objects reloaded before import = 0Number of asset objects unloaded after import = 2

========================================================================
Received Import Request.
  Time since last request: 2.947233 seconds.
  path: Assets/TooManyCrosshairs/64px/Base/Triangle
  artifactKey: Guid(51199cc12b76a9e4bb7d90ce4d38294c) Importer(815301076,1909f56bfc062723c751e8b465ee728b)
Start importing Assets/TooManyCrosshairs/64px/Base/Triangle using Guid(51199cc12b76a9e4bb7d90ce4d38294c) Importer(815301076,1909f56bfc062723c751e8b465ee728b) (PreviewImporter) -> (artifact id: '832c6f822d8555ea89c3f596aa25465b') in 0.0004611 seconds
Number of updated asset objects reloaded before import = 0Number of asset objects unloaded after import = 0

========================================================================
Received Import Request.
  Time since last request: 0.061555 seconds.
  path: Assets/TooManyCrosshairs/64px/Base/Triangle/TriangleDown64.png
  artifactKey: Guid(0011fd9f3eb4cf646ba8a46fd4ac3593) Importer(815301076,1909f56bfc062723c751e8b465ee728b)
Start importing Assets/TooManyCrosshairs/64px/Base/Triangle/TriangleDown64.png using Guid(0011fd9f3eb4cf646ba8a46fd4ac3593) Importer(815301076,1909f56bfc062723c751e8b465ee728b) (PreviewImporter) -> (artifact id: 'dc066fc47824ce2bcbd29b6165b524f0') in 0.0124681 seconds
Number of updated asset objects reloaded before import = 0Number of asset objects unloaded after import = 2

========================================================================
Received Import Request.
  Time since last request: 0.000014 seconds.
  path: Assets/TooManyCrosshairs/64px/Base/Triangle/TriangleSplitUpFilled64.png
  artifactKey: Guid(555bcba9d1482484bb59a315558a3798) Importer(815301076,1909f56bfc062723c751e8b465ee728b)
Start importing Assets/TooManyCrosshairs/64px/Base/Triangle/TriangleSplitUpFilled64.png using Guid(555bcba9d1482484bb59a315558a3798) Importer(815301076,1909f56bfc062723c751e8b465ee728b) (PreviewImporter) -> (artifact id: '9680ef7b1f55e280ae0f807a99064950') in 0.0110358 seconds
Number of updated asset objects reloaded before import = 0Number of asset objects unloaded after import = 2

========================================================================
Received Import Request.
  Time since last request: 0.000015 seconds.
  path: Assets/TooManyCrosshairs/64px/Base/Triangle/TriangleSplitUp64.png
  artifactKey: Guid(b3021559906a8e54d91e44a21dbf3215) Importer(815301076,1909f56bfc062723c751e8b465ee728b)
Start importing Assets/TooManyCrosshairs/64px/Base/Triangle/TriangleSplitUp64.png using Guid(b3021559906a8e54d91e44a21dbf3215) Importer(815301076,1909f56bfc062723c751e8b465ee728b) (PreviewImporter) -> (artifact id: '1f59e49a17b74f0e7805f57b26354a55') in 0.013081 seconds
Number of updated asset objects reloaded before import = 0Number of asset objects unloaded after import = 2

========================================================================
Received Import Request.
  Time since last request: 2.492255 seconds.
  path: Assets/TooManyCrosshairs/64px/Base/TriHex
  artifactKey: Guid(8d9f7893b33bde04fb7e0f97e7bf577c) Importer(815301076,1909f56bfc062723c751e8b465ee728b)
Start importing Assets/TooManyCrosshairs/64px/Base/TriHex using Guid(8d9f7893b33bde04fb7e0f97e7bf577c) Importer(815301076,1909f56bfc062723c751e8b465ee728b) (PreviewImporter) -> (artifact id: 'b7cb40e26619cb620714004c52339b92') in 0.000412 seconds
Number of updated asset objects reloaded before import = 0Number of asset objects unloaded after import = 0

========================================================================
Received Import Request.
  Time since last request: 0.071971 seconds.
  path: Assets/TooManyCrosshairs/64px/Base/TriHex/TriHex3hairs64.png
  artifactKey: Guid(fd531c44555e9634483ac62884adebb8) Importer(815301076,1909f56bfc062723c751e8b465ee728b)
Start importing Assets/TooManyCrosshairs/64px/Base/TriHex/TriHex3hairs64.png using Guid(fd531c44555e9634483ac62884adebb8) Importer(815301076,1909f56bfc062723c751e8b465ee728b) (PreviewImporter) -> (artifact id: '1545916b1cee7ede9dcfbf018c706be0') in 0.0106338 seconds
Number of updated asset objects reloaded before import = 0Number of asset objects unloaded after import = 2

========================================================================
Received Import Request.
  Time since last request: 1.944221 seconds.
  path: Assets/TooManyCrosshairs/64px/Base/xhair
  artifactKey: Guid(c409a09bd34943e4cb31a69530a7226c) Importer(815301076,1909f56bfc062723c751e8b465ee728b)
Start importing Assets/TooManyCrosshairs/64px/Base/xhair using Guid(c409a09bd34943e4cb31a69530a7226c) Importer(815301076,1909f56bfc062723c751e8b465ee728b) (PreviewImporter) -> (artifact id: '59a263f2ec470fd7e0def8814a5a06cf') in 0.0004327 seconds
Number of updated asset objects reloaded before import = 0Number of asset objects unloaded after import = 0

========================================================================
Received Import Request.
  Time since last request: 0.057756 seconds.
  path: Assets/TooManyCrosshairs/64px/Base/xhair/xHair64.png
  artifactKey: Guid(c51a212cb4615c946babef99c788b31d) Importer(815301076,1909f56bfc062723c751e8b465ee728b)
Start importing Assets/TooManyCrosshairs/64px/Base/xhair/xHair64.png using Guid(c51a212cb4615c946babef99c788b31d) Importer(815301076,1909f56bfc062723c751e8b465ee728b) (PreviewImporter) -> (artifact id: 'a90218acbe6723e02668ad9944d112d9') in 0.0146807 seconds
Number of updated asset objects reloaded before import = 0Number of asset objects unloaded after import = 2

========================================================================
Received Import Request.
  Time since last request: 2.479306 seconds.
  path: Assets/TooManyCrosshairs/64px/Base/Diamond
  artifactKey: Guid(bf4f5da79e6617c44949c9dbda499410) Importer(815301076,1909f56bfc062723c751e8b465ee728b)
Start importing Assets/TooManyCrosshairs/64px/Base/Diamond using Guid(bf4f5da79e6617c44949c9dbda499410) Importer(815301076,1909f56bfc062723c751e8b465ee728b) (PreviewImporter) -> (artifact id: '3284432a2a4534794e17cabcd77bd006') in 0.0004428 seconds
Number of updated asset objects reloaded before import = 0Number of asset objects unloaded after import = 0

========================================================================
Received Import Request.
  Time since last request: 0.076196 seconds.
  path: Assets/TooManyCrosshairs/64px/Base/Diamond/Diamond4Split64.png
  artifactKey: Guid(f75c670bf3ae2874f99a62d935d0d7da) Importer(815301076,1909f56bfc062723c751e8b465ee728b)
Start importing Assets/TooManyCrosshairs/64px/Base/Diamond/Diamond4Split64.png using Guid(f75c670bf3ae2874f99a62d935d0d7da) Importer(815301076,1909f56bfc062723c751e8b465ee728b) (PreviewImporter) -> (artifact id: '32cbdc2d928356005167d68d646f8b65') in 0.0126114 seconds
Number of updated asset objects reloaded before import = 0Number of asset objects unloaded after import = 2

========================================================================
Received Import Request.
  Time since last request: 46.262802 seconds.
  path: Assets/TooManyCrosshairs/Cursors/Cursors/Attack.png
  artifactKey: Guid(7fc280520686aee448144011afec04f8) Importer(815301076,1909f56bfc062723c751e8b465ee728b)
Start importing Assets/TooManyCrosshairs/Cursors/Cursors/Attack.png using Guid(7fc280520686aee448144011afec04f8) Importer(815301076,1909f56bfc062723c751e8b465ee728b) (PreviewImporter) -> (artifact id: 'a78e62376d950b21753395a0652d8ee8') in 0.0335501 seconds
Number of updated asset objects reloaded before import = 0Number of asset objects unloaded after import = 3

========================================================================
Received Import Request.
  Time since last request: 0.000019 seconds.
  path: Assets/TooManyCrosshairs/Cursors/Cursors/Attack/Attack (9).png
  artifactKey: Guid(76eb27f9de7c77d44b3fc5ffaefdf9eb) Importer(815301076,1909f56bfc062723c751e8b465ee728b)
Start importing Assets/TooManyCrosshairs/Cursors/Cursors/Attack/Attack (9).png using Guid(76eb27f9de7c77d44b3fc5ffaefdf9eb) Importer(815301076,1909f56bfc062723c751e8b465ee728b) (PreviewImporter) -> (artifact id: 'edcfe5ec06da94560181b26f13a51ed1') in 0.0273036 seconds
Number of updated asset objects reloaded before import = 0Number of asset objects unloaded after import = 3

========================================================================
Received Import Request.
  Time since last request: 0.525756 seconds.
  path: Assets/TooManyCrosshairs/Cursors/Cursors/Attack/Attack (11).png
  artifactKey: Guid(d64497b8cd4a10247b7d27ec485f0809) Importer(815301076,1909f56bfc062723c751e8b465ee728b)
Start importing Assets/TooManyCrosshairs/Cursors/Cursors/Attack/Attack (11).png using Guid(d64497b8cd4a10247b7d27ec485f0809) Importer(815301076,1909f56bfc062723c751e8b465ee728b) (PreviewImporter) -> (artifact id: 'be46653add633309ad41e9a3a74c65c4') in 0.0127953 seconds
Number of updated asset objects reloaded before import = 0Number of asset objects unloaded after import = 3

========================================================================
Received Import Request.
  Time since last request: 0.021784 seconds.
  path: Assets/TooManyCrosshairs/Cursors/Cursors/Build/Build (1).png
  artifactKey: Guid(366be0510d758594b9dbb60908802427) Importer(815301076,1909f56bfc062723c751e8b465ee728b)
Start importing Assets/TooManyCrosshairs/Cursors/Cursors/Build/Build (1).png using Guid(366be0510d758594b9dbb60908802427) Importer(815301076,1909f56bfc062723c751e8b465ee728b) (PreviewImporter) -> (artifact id: 'c30fb5af5ad9a1dcf3a437f2f6d691c1') in 0.0118338 seconds
Number of updated asset objects reloaded before import = 0Number of asset objects unloaded after import = 3

========================================================================
Received Import Request.
  Time since last request: 0.298198 seconds.
  path: Assets/TooManyCrosshairs/Cursors/Cursors/Build/Build (5).png
  artifactKey: Guid(7bf2123198146ee4b80914467709c771) Importer(815301076,1909f56bfc062723c751e8b465ee728b)
Start importing Assets/TooManyCrosshairs/Cursors/Cursors/Build/Build (5).png using Guid(7bf2123198146ee4b80914467709c771) Importer(815301076,1909f56bfc062723c751e8b465ee728b) (PreviewImporter) -> (artifact id: '42c7e4aa563da6234958d637cf5175b6') in 0.012487 seconds
Number of updated asset objects reloaded before import = 0Number of asset objects unloaded after import = 3

========================================================================
Received Import Request.
  Time since last request: 0.016013 seconds.
  path: Assets/TooManyCrosshairs/Cursors/Cursors/Build/Build (7).png
  artifactKey: Guid(e1dcb6964857d564ab0f9828e7780484) Importer(815301076,1909f56bfc062723c751e8b465ee728b)
Start importing Assets/TooManyCrosshairs/Cursors/Cursors/Build/Build (7).png using Guid(e1dcb6964857d564ab0f9828e7780484) Importer(815301076,1909f56bfc062723c751e8b465ee728b) (PreviewImporter) -> (artifact id: '3b79d790ac3be0749275792a39545137') in 0.0109143 seconds
Number of updated asset objects reloaded before import = 0Number of asset objects unloaded after import = 3

========================================================================
Received Import Request.
  Time since last request: 0.011933 seconds.
  path: Assets/TooManyCrosshairs/Cursors/Cursors/Enter.png
  artifactKey: Guid(3c3e2ac2aa3b2614fb639395f3aacbed) Importer(815301076,1909f56bfc062723c751e8b465ee728b)
Start importing Assets/TooManyCrosshairs/Cursors/Cursors/Enter.png using Guid(3c3e2ac2aa3b2614fb639395f3aacbed) Importer(815301076,1909f56bfc062723c751e8b465ee728b) (PreviewImporter) -> (artifact id: 'b6b61d43e961dd98ad811cc2aa300a98') in 0.0102909 seconds
Number of updated asset objects reloaded before import = 0Number of asset objects unloaded after import = 3

========================================================================
Received Import Request.
  Time since last request: 0.032654 seconds.
  path: Assets/TooManyCrosshairs/Cursors/Cursors/Expand.png
  artifactKey: Guid(f3233ab2bbf36af4e8b126688f7d5850) Importer(815301076,1909f56bfc062723c751e8b465ee728b)
Start importing Assets/TooManyCrosshairs/Cursors/Cursors/Expand.png using Guid(f3233ab2bbf36af4e8b126688f7d5850) Importer(815301076,1909f56bfc062723c751e8b465ee728b) (PreviewImporter) -> (artifact id: 'ff23e3a0ae352e65fd4cf044fa2dbc89') in 0.0110775 seconds
Number of updated asset objects reloaded before import = 0Number of asset objects unloaded after import = 3

========================================================================
Received Import Request.
  Time since last request: 1.033853 seconds.
  path: Assets/TooManyCrosshairs/Cursors/Cursors/Expand/Expand (2).png
  artifactKey: Guid(d46e0dfc3cf021643b03a5f4c18e960b) Importer(815301076,1909f56bfc062723c751e8b465ee728b)
Start importing Assets/TooManyCrosshairs/Cursors/Cursors/Expand/Expand (2).png using Guid(d46e0dfc3cf021643b03a5f4c18e960b) Importer(815301076,1909f56bfc062723c751e8b465ee728b) (PreviewImporter) -> (artifact id: '15520d1b25fea2998371a7b6c38aab41') in 0.0140681 seconds
Number of updated asset objects reloaded before import = 0Number of asset objects unloaded after import = 3

========================================================================
Received Import Request.
  Time since last request: 0.019693 seconds.
  path: Assets/TooManyCrosshairs/Cursors/Cursors/Expand/Expand (4).png
  artifactKey: Guid(c87e81e63e5d85b4fae9e5d7edf7c423) Importer(815301076,1909f56bfc062723c751e8b465ee728b)
Start importing Assets/TooManyCrosshairs/Cursors/Cursors/Expand/Expand (4).png using Guid(c87e81e63e5d85b4fae9e5d7edf7c423) Importer(815301076,1909f56bfc062723c751e8b465ee728b) (PreviewImporter) -> (artifact id: '128f4eda9f4f7844025c60ddb263df55') in 0.0147139 seconds
Number of updated asset objects reloaded before import = 0Number of asset objects unloaded after import = 3

========================================================================
Received Import Request.
  Time since last request: 0.015329 seconds.
  path: Assets/TooManyCrosshairs/Cursors/Cursors/Guard.png
  artifactKey: Guid(67c204e540f408a4399336c0b36e93f9) Importer(815301076,1909f56bfc062723c751e8b465ee728b)
Start importing Assets/TooManyCrosshairs/Cursors/Cursors/Guard.png using Guid(67c204e540f408a4399336c0b36e93f9) Importer(815301076,1909f56bfc062723c751e8b465ee728b) (PreviewImporter) -> (artifact id: '2c8a9317f5f6a1e0b1504165982d2900') in 0.0099253 seconds
Number of updated asset objects reloaded before import = 0Number of asset objects unloaded after import = 3

========================================================================
Received Import Request.
  Time since last request: 0.016001 seconds.
  path: Assets/TooManyCrosshairs/Cursors/Cursors/Move.png
  artifactKey: Guid(6c92acbcfd748aa4bbc4bfc41006a093) Importer(815301076,1909f56bfc062723c751e8b465ee728b)
Start importing Assets/TooManyCrosshairs/Cursors/Cursors/Move.png using Guid(6c92acbcfd748aa4bbc4bfc41006a093) Importer(815301076,1909f56bfc062723c751e8b465ee728b) (PreviewImporter) -> (artifact id: '2e529ed8aae0c9fe2b10a8a77f9b943b') in 0.0099967 seconds
Number of updated asset objects reloaded before import = 0Number of asset objects unloaded after import = 3

========================================================================
Received Import Request.
  Time since last request: 0.009302 seconds.
  path: Assets/TooManyCrosshairs/Cursors/Cursors/Move/Move (2).png
  artifactKey: Guid(aeea515f5756d7c43b3758b8063ec4d6) Importer(815301076,1909f56bfc062723c751e8b465ee728b)
Start importing Assets/TooManyCrosshairs/Cursors/Cursors/Move/Move (2).png using Guid(aeea515f5756d7c43b3758b8063ec4d6) Importer(815301076,1909f56bfc062723c751e8b465ee728b) (PreviewImporter) -> (artifact id: 'e382a56ae9d04db6feb674fafc814140') in 0.0092934 seconds
Number of updated asset objects reloaded before import = 0Number of asset objects unloaded after import = 3

========================================================================
Received Import Request.
  Time since last request: 0.017899 seconds.
  path: Assets/TooManyCrosshairs/Cursors/Cursors/NoGo/NoGo (1).png
  artifactKey: Guid(f4c7330eaf3fd954c9f8148e0cea65be) Importer(815301076,1909f56bfc062723c751e8b465ee728b)
Start importing Assets/TooManyCrosshairs/Cursors/Cursors/NoGo/NoGo (1).png using Guid(f4c7330eaf3fd954c9f8148e0cea65be) Importer(815301076,1909f56bfc062723c751e8b465ee728b) (PreviewImporter) -> (artifact id: 'ad9d383a4deadfa490347125c99acf5a') in 0.0098321 seconds
Number of updated asset objects reloaded before import = 0Number of asset objects unloaded after import = 3

========================================================================
Received Import Request.
  Time since last request: 0.012549 seconds.
  path: Assets/TooManyCrosshairs/Cursors/Cursors/NoGo/NoGo (3).png
  artifactKey: Guid(7afcfe5fd729ce84a985ba83fab8e8ce) Importer(815301076,1909f56bfc062723c751e8b465ee728b)
Start importing Assets/TooManyCrosshairs/Cursors/Cursors/NoGo/NoGo (3).png using Guid(7afcfe5fd729ce84a985ba83fab8e8ce) Importer(815301076,1909f56bfc062723c751e8b465ee728b) (PreviewImporter) -> (artifact id: 'b5c67df0a9624a89501c1b10579b4d29') in 0.0110979 seconds
Number of updated asset objects reloaded before import = 0Number of asset objects unloaded after import = 3

========================================================================
Received Import Request.
  Time since last request: 0.019468 seconds.
  path: Assets/TooManyCrosshairs/Cursors/Cursors/Pencil.png
  artifactKey: Guid(81a44e521398b5d41871464356deb18e) Importer(815301076,1909f56bfc062723c751e8b465ee728b)
Start importing Assets/TooManyCrosshairs/Cursors/Cursors/Pencil.png using Guid(81a44e521398b5d41871464356deb18e) Importer(815301076,1909f56bfc062723c751e8b465ee728b) (PreviewImporter) -> (artifact id: '24d69cff3152c7015282bf3810f88628') in 0.0122779 seconds
Number of updated asset objects reloaded before import = 0Number of asset objects unloaded after import = 3

========================================================================
Received Import Request.
  Time since last request: 0.011302 seconds.
  path: Assets/TooManyCrosshairs/Cursors/Cursors/PointerArrow/PointerArrow (2).png
  artifactKey: Guid(8d9a5a5a721ccac4bb61e1008af87b9d) Importer(815301076,1909f56bfc062723c751e8b465ee728b)
Start importing Assets/TooManyCrosshairs/Cursors/Cursors/PointerArrow/PointerArrow (2).png using Guid(8d9a5a5a721ccac4bb61e1008af87b9d) Importer(815301076,1909f56bfc062723c751e8b465ee728b) (PreviewImporter) -> (artifact id: 'a8d2ab0da77739d0bffa8dd41624fb1c') in 0.0110617 seconds
Number of updated asset objects reloaded before import = 0Number of asset objects unloaded after import = 3

========================================================================
Received Import Request.
  Time since last request: 0.018689 seconds.
  path: Assets/TooManyCrosshairs/Cursors/Cursors/Repair.png
  artifactKey: Guid(afb5afa5112926f499f8d2a399eab1e5) Importer(815301076,1909f56bfc062723c751e8b465ee728b)
Start importing Assets/TooManyCrosshairs/Cursors/Cursors/Repair.png using Guid(afb5afa5112926f499f8d2a399eab1e5) Importer(815301076,1909f56bfc062723c751e8b465ee728b) (PreviewImporter) -> (artifact id: '21bfdeb3eadcf26c2002ea536112d0c3') in 0.0104693 seconds
Number of updated asset objects reloaded before import = 0Number of asset objects unloaded after import = 3

========================================================================
Received Import Request.
  Time since last request: 0.035898 seconds.
  path: Assets/TooManyCrosshairs/Cursors/Cursors/SelectionBox/SelectionBox (1).png
  artifactKey: Guid(da4aee25788fe0d499783b1ca04d3b1c) Importer(815301076,1909f56bfc062723c751e8b465ee728b)
Start importing Assets/TooManyCrosshairs/Cursors/Cursors/SelectionBox/SelectionBox (1).png using Guid(da4aee25788fe0d499783b1ca04d3b1c) Importer(815301076,1909f56bfc062723c751e8b465ee728b) (PreviewImporter) -> (artifact id: 'd89bd05b10fe086df1c613aa82c6c0d7') in 0.0111181 seconds
Number of updated asset objects reloaded before import = 0Number of asset objects unloaded after import = 3

========================================================================
Received Import Request.
  Time since last request: 0.036214 seconds.
  path: Assets/TooManyCrosshairs/Cursors/Cursors/SelectionBox/SelectionBox (3).png
  artifactKey: Guid(9c1b8ca1da5898949a6ad505b8b952d9) Importer(815301076,1909f56bfc062723c751e8b465ee728b)
Start importing Assets/TooManyCrosshairs/Cursors/Cursors/SelectionBox/SelectionBox (3).png using Guid(9c1b8ca1da5898949a6ad505b8b952d9) Importer(815301076,1909f56bfc062723c751e8b465ee728b) (PreviewImporter) -> (artifact id: '30fb37da69e29039e7320366ae17ac96') in 0.0124719 seconds
Number of updated asset objects reloaded before import = 0Number of asset objects unloaded after import = 3

========================================================================
Received Import Request.
  Time since last request: 0.026449 seconds.
  path: Assets/TooManyCrosshairs/Cursors/Cursors/Sell.png
  artifactKey: Guid(5a0d160a18130fe4eb1051d2e036c7e9) Importer(815301076,1909f56bfc062723c751e8b465ee728b)
Start importing Assets/TooManyCrosshairs/Cursors/Cursors/Sell.png using Guid(5a0d160a18130fe4eb1051d2e036c7e9) Importer(815301076,1909f56bfc062723c751e8b465ee728b) (PreviewImporter) -> (artifact id: 'b03449b7a935d9f10febf66bb736f126') in 0.0127245 seconds
Number of updated asset objects reloaded before import = 0Number of asset objects unloaded after import = 3

========================================================================
Received Import Request.
  Time since last request: 0.050972 seconds.
  path: Assets/TooManyCrosshairs/Cursors/Cursors/Sell/Sell (2).png
  artifactKey: Guid(f60dbfe6f6251bc48844cac7550b293c) Importer(815301076,1909f56bfc062723c751e8b465ee728b)
Start importing Assets/TooManyCrosshairs/Cursors/Cursors/Sell/Sell (2).png using Guid(f60dbfe6f6251bc48844cac7550b293c) Importer(815301076,1909f56bfc062723c751e8b465ee728b) (PreviewImporter) -> (artifact id: '14f1d4e7547f2d10a9df098b54539674') in 0.0109612 seconds
Number of updated asset objects reloaded before import = 0Number of asset objects unloaded after import = 3

========================================================================
Received Import Request.
  Time since last request: 0.026197 seconds.
  path: Assets/TooManyCrosshairs/Cursors/Cursors/Sword.png
  artifactKey: Guid(5bb722e4f3c6e0c4e88fd6a7b7aab359) Importer(815301076,1909f56bfc062723c751e8b465ee728b)
Start importing Assets/TooManyCrosshairs/Cursors/Cursors/Sword.png using Guid(5bb722e4f3c6e0c4e88fd6a7b7aab359) Importer(815301076,1909f56bfc062723c751e8b465ee728b) (PreviewImporter) -> (artifact id: '62f1e1873f27e0d43696891a4dc06156') in 0.0107206 seconds
Number of updated asset objects reloaded before import = 0Number of asset objects unloaded after import = 3

========================================================================
Received Import Request.
  Time since last request: 6.494188 seconds.
  path: Assets/TooManyCrosshairs/Cursors
  artifactKey: Guid(b36a5deb9769dc448bda09f19d9eacba) Importer(815301076,1909f56bfc062723c751e8b465ee728b)
Start importing Assets/TooManyCrosshairs/Cursors using Guid(b36a5deb9769dc448bda09f19d9eacba) Importer(815301076,1909f56bfc062723c751e8b465ee728b) (PreviewImporter) -> (artifact id: 'c673991ca16fba8b86048f1a69c0482c') in 0.0003901 seconds
Number of updated asset objects reloaded before import = 0Number of asset objects unloaded after import = 0

========================================================================
Received Import Request.
  Time since last request: 0.079344 seconds.
  path: Assets/TooManyCrosshairs/Cursors/Background.png
  artifactKey: Guid(bcfbd0bb3afa4c045bcbf2fb233e33ab) Importer(815301076,1909f56bfc062723c751e8b465ee728b)
Start importing Assets/TooManyCrosshairs/Cursors/Background.png using Guid(bcfbd0bb3afa4c045bcbf2fb233e33ab) Importer(815301076,1909f56bfc062723c751e8b465ee728b) (PreviewImporter) -> (artifact id: '93ad5d4cf613f6425e05484f4ef4db21') in 0.0108724 seconds
Number of updated asset objects reloaded before import = 0Number of asset objects unloaded after import = 2

========================================================================
Received Import Request.
  Time since last request: 1.246885 seconds.
  path: Assets/TooManyCrosshairs/Cursors/Cursors
  artifactKey: Guid(5218e76e65161af458d905239e5cb119) Importer(815301076,1909f56bfc062723c751e8b465ee728b)
Start importing Assets/TooManyCrosshairs/Cursors/Cursors using Guid(5218e76e65161af458d905239e5cb119) Importer(815301076,1909f56bfc062723c751e8b465ee728b) (PreviewImporter) -> (artifact id: '6eab94d4cf9cbe542ec1387b735ec783') in 0.0004511 seconds
Number of updated asset objects reloaded before import = 0Number of asset objects unloaded after import = 0

========================================================================
Received Import Request.
  Time since last request: 5.073724 seconds.
  path: Assets/TooManyCrosshairs/Cursors/Cursors/Attack
  artifactKey: Guid(f781ed8b5a6d0704796cbed8d6cf8c7a) Importer(815301076,1909f56bfc062723c751e8b465ee728b)
Start importing Assets/TooManyCrosshairs/Cursors/Cursors/Attack using Guid(f781ed8b5a6d0704796cbed8d6cf8c7a) Importer(815301076,1909f56bfc062723c751e8b465ee728b) (PreviewImporter) -> (artifact id: 'd79ace459271b2c288037df4a63233fa') in 0.0003814 seconds
Number of updated asset objects reloaded before import = 0Number of asset objects unloaded after import = 0

========================================================================
Received Import Request.
  Time since last request: 6.916684 seconds.
  path: Assets/TooManyCrosshairs/HorizonCrosshairs
  artifactKey: Guid(c3fa8558db17542408d7432d5668abd0) Importer(815301076,1909f56bfc062723c751e8b465ee728b)
Start importing Assets/TooManyCrosshairs/HorizonCrosshairs using Guid(c3fa8558db17542408d7432d5668abd0) Importer(815301076,1909f56bfc062723c751e8b465ee728b) (PreviewImporter) -> (artifact id: 'b9fb09d87640ff0a351e6d07c739814e') in 0.0003783 seconds
Number of updated asset objects reloaded before import = 0Number of asset objects unloaded after import = 0

========================================================================
Received Import Request.
  Time since last request: 1.579614 seconds.
  path: Assets/TooManyCrosshairs/HorizonCrosshairs/Crosshairs
  artifactKey: Guid(b626917b69ade6548a5e77f03cc60876) Importer(815301076,1909f56bfc062723c751e8b465ee728b)
Start importing Assets/TooManyCrosshairs/HorizonCrosshairs/Crosshairs using Guid(b626917b69ade6548a5e77f03cc60876) Importer(815301076,1909f56bfc062723c751e8b465ee728b) (PreviewImporter) -> (artifact id: 'b9fac09c58c45aeb7d692d8acffe9457') in 0.0004196 seconds
Number of updated asset objects reloaded before import = 0Number of asset objects unloaded after import = 0

========================================================================
Received Import Request.
  Time since last request: 0.078943 seconds.
  path: Assets/TooManyCrosshairs/HorizonCrosshairs/Crosshairs/Assault5Cross2048.png
  artifactKey: Guid(4877df63f56a96544a5550ca946934e8) Importer(815301076,1909f56bfc062723c751e8b465ee728b)
Start importing Assets/TooManyCrosshairs/HorizonCrosshairs/Crosshairs/Assault5Cross2048.png using Guid(4877df63f56a96544a5550ca946934e8) Importer(815301076,1909f56bfc062723c751e8b465ee728b) (PreviewImporter) -> (artifact id: '1a3d422df93dfe083bb6e77db4c87ec0') in 0.0230173 seconds
Number of updated asset objects reloaded before import = 0Number of asset objects unloaded after import = 2

========================================================================
Received Import Request.
  Time since last request: 0.000015 seconds.
  path: Assets/TooManyCrosshairs/HorizonCrosshairs/Crosshairs/LaserInner2048.png
  artifactKey: Guid(eb1f09a06ac657c4fa4a8470e083968c) Importer(815301076,1909f56bfc062723c751e8b465ee728b)
Start importing Assets/TooManyCrosshairs/HorizonCrosshairs/Crosshairs/LaserInner2048.png using Guid(eb1f09a06ac657c4fa4a8470e083968c) Importer(815301076,1909f56bfc062723c751e8b465ee728b) (PreviewImporter) -> (artifact id: '6f9c640fa1323b86b421545c132782c3') in 0.0134475 seconds
Number of updated asset objects reloaded before import = 0Number of asset objects unloaded after import = 2

========================================================================
Received Import Request.
  Time since last request: 0.000058 seconds.
  path: Assets/TooManyCrosshairs/HorizonCrosshairs/Crosshairs/FuelRod2048.png
  artifactKey: Guid(083b5b55c4d272d4ba89d38a9117c1d5) Importer(815301076,1909f56bfc062723c751e8b465ee728b)
Start importing Assets/TooManyCrosshairs/HorizonCrosshairs/Crosshairs/FuelRod2048.png using Guid(083b5b55c4d272d4ba89d38a9117c1d5) Importer(815301076,1909f56bfc062723c751e8b465ee728b) (PreviewImporter) -> (artifact id: '3e2d2f76e9f4c99566f36da01bfae957') in 0.0153672 seconds
Number of updated asset objects reloaded before import = 0Number of asset objects unloaded after import = 2

========================================================================
Received Import Request.
  Time since last request: 0.000045 seconds.
  path: Assets/TooManyCrosshairs/HorizonCrosshairs/Crosshairs/Assault5CrossUp2048.png
  artifactKey: Guid(5b04fbc5f322c5041b9ccf2f4bba69f8) Importer(815301076,1909f56bfc062723c751e8b465ee728b)
Start importing Assets/TooManyCrosshairs/HorizonCrosshairs/Crosshairs/Assault5CrossUp2048.png using Guid(5b04fbc5f322c5041b9ccf2f4bba69f8) Importer(815301076,1909f56bfc062723c751e8b465ee728b) (PreviewImporter) -> (artifact id: '1996c63ea83b163d1f34a72961ae2816') in 0.0125615 seconds
Number of updated asset objects reloaded before import = 0Number of asset objects unloaded after import = 2

========================================================================
Received Import Request.
  Time since last request: 0.000028 seconds.
  path: Assets/TooManyCrosshairs/HorizonCrosshairs/Crosshairs/LaserFull2048.png
  artifactKey: Guid(2a6c7563bb8724a4988846f890f392ec) Importer(815301076,1909f56bfc062723c751e8b465ee728b)
Start importing Assets/TooManyCrosshairs/HorizonCrosshairs/Crosshairs/LaserFull2048.png using Guid(2a6c7563bb8724a4988846f890f392ec) Importer(815301076,1909f56bfc062723c751e8b465ee728b) (PreviewImporter) -> (artifact id: 'fbc4bb7360ef05680925c0458a94f006') in 0.0124144 seconds
Number of updated asset objects reloaded before import = 0Number of asset objects unloaded after import = 2

========================================================================
Received Import Request.
  Time since last request: 0.000017 seconds.
  path: Assets/TooManyCrosshairs/HorizonCrosshairs/Crosshairs/DMRouter2048.png
  artifactKey: Guid(a01fc67b371daca46b211a648ad23096) Importer(815301076,1909f56bfc062723c751e8b465ee728b)
Start importing Assets/TooManyCrosshairs/HorizonCrosshairs/Crosshairs/DMRouter2048.png using Guid(a01fc67b371daca46b211a648ad23096) Importer(815301076,1909f56bfc062723c751e8b465ee728b) (PreviewImporter) -> (artifact id: 'f41f6621458883bb11c2b6cfeb49283b') in 0.0125486 seconds
Number of updated asset objects reloaded before import = 0Number of asset objects unloaded after import = 2

========================================================================
Received Import Request.
  Time since last request: 0.000014 seconds.
  path: Assets/TooManyCrosshairs/HorizonCrosshairs/Crosshairs/BattleRifleOuter2048.png
  artifactKey: Guid(266f8b649452f7848bb1394900590288) Importer(815301076,1909f56bfc062723c751e8b465ee728b)
Start importing Assets/TooManyCrosshairs/HorizonCrosshairs/Crosshairs/BattleRifleOuter2048.png using Guid(266f8b649452f7848bb1394900590288) Importer(815301076,1909f56bfc062723c751e8b465ee728b) (PreviewImporter) -> (artifact id: 'e0215d70ce5a6c6f22b7b9b7211df55e') in 0.0164702 seconds
Number of updated asset objects reloaded before import = 0Number of asset objects unloaded after import = 2

========================================================================
Received Import Request.
  Time since last request: 0.000012 seconds.
  path: Assets/TooManyCrosshairs/HorizonCrosshairs/Crosshairs/AssaultRifleRing2048.png
  artifactKey: Guid(048d543990e1f654bb5f9b96cf71c93c) Importer(815301076,1909f56bfc062723c751e8b465ee728b)
Start importing Assets/TooManyCrosshairs/HorizonCrosshairs/Crosshairs/AssaultRifleRing2048.png using Guid(048d543990e1f654bb5f9b96cf71c93c) Importer(815301076,1909f56bfc062723c751e8b465ee728b) (PreviewImporter) -> (artifact id: '665507434844738dbfc8d613b4e1c714') in 0.0154809 seconds
Number of updated asset objects reloaded before import = 0Number of asset objects unloaded after import = 2

========================================================================
Received Import Request.
  Time since last request: 0.000012 seconds.
  path: Assets/TooManyCrosshairs/HorizonCrosshairs/Crosshairs/LaserChargerBar2048.png
  artifactKey: Guid(fe86de2abc50915488b081c070e7e66d) Importer(815301076,1909f56bfc062723c751e8b465ee728b)
Start importing Assets/TooManyCrosshairs/HorizonCrosshairs/Crosshairs/LaserChargerBar2048.png using Guid(fe86de2abc50915488b081c070e7e66d) Importer(815301076,1909f56bfc062723c751e8b465ee728b) (PreviewImporter) -> (artifact id: '5c128a3d1628603fd3e08b5161652a90') in 0.0221447 seconds
Number of updated asset objects reloaded before import = 0Number of asset objects unloaded after import = 2

========================================================================
Received Import Request.
  Time since last request: 0.000063 seconds.
  path: Assets/TooManyCrosshairs/HorizonCrosshairs/Crosshairs/HydraAltFull2048.png
  artifactKey: Guid(2f15ae1bd0152464eac588f734a6bd14) Importer(815301076,1909f56bfc062723c751e8b465ee728b)
Start importing Assets/TooManyCrosshairs/HorizonCrosshairs/Crosshairs/HydraAltFull2048.png using Guid(2f15ae1bd0152464eac588f734a6bd14) Importer(815301076,1909f56bfc062723c751e8b465ee728b) (PreviewImporter) -> (artifact id: '06a801caadbfa1aa9d3c28cad7b6a926') in 0.0158902 seconds
Number of updated asset objects reloaded before import = 0Number of asset objects unloaded after import = 2

========================================================================
Received Import Request.
  Time since last request: 0.000060 seconds.
  path: Assets/TooManyCrosshairs/HorizonCrosshairs/Crosshairs/LaserOuter2048.png
  artifactKey: Guid(ad603060e1b8ff242a535e0166e83385) Importer(815301076,1909f56bfc062723c751e8b465ee728b)
Start importing Assets/TooManyCrosshairs/HorizonCrosshairs/Crosshairs/LaserOuter2048.png using Guid(ad603060e1b8ff242a535e0166e83385) Importer(815301076,1909f56bfc062723c751e8b465ee728b) (PreviewImporter) -> (artifact id: '52f946ab31a3f8aa380ba5943b03bfbf') in 0.0118024 seconds
Number of updated asset objects reloaded before import = 0Number of asset objects unloaded after import = 2

========================================================================
Received Import Request.
  Time since last request: 11.863033 seconds.
  path: Assets/TooManyCrosshairs/HorizonCrosshairs/Crosshairs/Needler5full2048.png
  artifactKey: Guid(067cd08addcb84b44bfd99c7dd45dc7f) Importer(815301076,1909f56bfc062723c751e8b465ee728b)
Start importing Assets/TooManyCrosshairs/HorizonCrosshairs/Crosshairs/Needler5full2048.png using Guid(067cd08addcb84b44bfd99c7dd45dc7f) Importer(815301076,1909f56bfc062723c751e8b465ee728b) (PreviewImporter) -> (artifact id: '29c517502aa287c1e870654979a36dd7') in 0.0192625 seconds
Number of updated asset objects reloaded before import = 0Number of asset objects unloaded after import = 2

========================================================================
Received Import Request.
  Time since last request: 0.000013 seconds.
  path: Assets/TooManyCrosshairs/HorizonCrosshairs/Crosshairs/PistolFull2048.png
  artifactKey: Guid(39c73e1f08ca5e54196153e30d0d53f7) Importer(815301076,1909f56bfc062723c751e8b465ee728b)
Start importing Assets/TooManyCrosshairs/HorizonCrosshairs/Crosshairs/PistolFull2048.png using Guid(39c73e1f08ca5e54196153e30d0d53f7) Importer(815301076,1909f56bfc062723c751e8b465ee728b) (PreviewImporter) -> (artifact id: '8455e6abc02efeaef7099ca5beef4616') in 0.0261072 seconds
Number of updated asset objects reloaded before import = 0Number of asset objects unloaded after import = 2

========================================================================
Received Import Request.
  Time since last request: 0.042883 seconds.
  path: Assets/TooManyCrosshairs/HorizonCrosshairs/Crosshairs/PlasmaPistol2048.png
  artifactKey: Guid(e628656e093387741a05d8af68279285) Importer(815301076,1909f56bfc062723c751e8b465ee728b)
Start importing Assets/TooManyCrosshairs/HorizonCrosshairs/Crosshairs/PlasmaPistol2048.png using Guid(e628656e093387741a05d8af68279285) Importer(815301076,1909f56bfc062723c751e8b465ee728b) (PreviewImporter) -> (artifact id: '86aa14498d81d513b023bac76cea9a50') in 0.0190499 seconds
Number of updated asset objects reloaded before import = 0Number of asset objects unloaded after import = 2

========================================================================
Received Import Request.
  Time since last request: 0.000038 seconds.
  path: Assets/TooManyCrosshairs/HorizonCrosshairs/Crosshairs/PlasmaRifle2048.png
  artifactKey: Guid(17b120218d07260489b3de7889e9579a) Importer(815301076,1909f56bfc062723c751e8b465ee728b)
Start importing Assets/TooManyCrosshairs/HorizonCrosshairs/Crosshairs/PlasmaRifle2048.png using Guid(17b120218d07260489b3de7889e9579a) Importer(815301076,1909f56bfc062723c751e8b465ee728b) (PreviewImporter) -> (artifact id: 'ac2eca39d7b68e0a0bfdce10957be28c') in 0.0185897 seconds
Number of updated asset objects reloaded before import = 0Number of asset objects unloaded after import = 2

========================================================================
Received Import Request.
  Time since last request: 0.012969 seconds.
  path: Assets/TooManyCrosshairs/HorizonCrosshairs/Crosshairs/RailgunFadedRings2048.png
  artifactKey: Guid(29a950f009afc9b4f8e2f13a32f98010) Importer(815301076,1909f56bfc062723c751e8b465ee728b)
Start importing Assets/TooManyCrosshairs/HorizonCrosshairs/Crosshairs/RailgunFadedRings2048.png using Guid(29a950f009afc9b4f8e2f13a32f98010) Importer(815301076,1909f56bfc062723c751e8b465ee728b) (PreviewImporter) -> (artifact id: 'fd91aa37e959089a594f235c505322aa') in 0.0204672 seconds
Number of updated asset objects reloaded before import = 0Number of asset objects unloaded after import = 2

========================================================================
Received Import Request.
  Time since last request: 0.517713 seconds.
  path: Assets/TooManyCrosshairs/HorizonCrosshairs/Crosshairs/SAWouter2048.png
  artifactKey: Guid(e3ed74ae6cd66d74eb2332f5e2ef433b) Importer(815301076,1909f56bfc062723c751e8b465ee728b)
Start importing Assets/TooManyCrosshairs/HorizonCrosshairs/Crosshairs/SAWouter2048.png using Guid(e3ed74ae6cd66d74eb2332f5e2ef433b) Importer(815301076,1909f56bfc062723c751e8b465ee728b) (PreviewImporter) -> (artifact id: '726f0ae5c788e563bf481a8fdfb70f75') in 0.0147888 seconds
Number of updated asset objects reloaded before import = 0Number of asset objects unloaded after import = 2

========================================================================
Received Import Request.
  Time since last request: 0.000015 seconds.
  path: Assets/TooManyCrosshairs/HorizonCrosshairs/Crosshairs/SMGdynamic2048.png
  artifactKey: Guid(c88a3384896ae0646a6d9c4abb4e9428) Importer(815301076,1909f56bfc062723c751e8b465ee728b)
Start importing Assets/TooManyCrosshairs/HorizonCrosshairs/Crosshairs/SMGdynamic2048.png using Guid(c88a3384896ae0646a6d9c4abb4e9428) Importer(815301076,1909f56bfc062723c751e8b465ee728b) (PreviewImporter) -> (artifact id: '5cf965fb0caff7cd7e77c4b268a87125') in 0.0110208 seconds
Number of updated asset objects reloaded before import = 0Number of asset objects unloaded after import = 2

========================================================================
Received Import Request.
  Time since last request: 0.000339 seconds.
  path: Assets/TooManyCrosshairs/HorizonCrosshairs/Crosshairs/SMGstatic2048.png
  artifactKey: Guid(1b2571647464137408f658e601174db1) Importer(815301076,1909f56bfc062723c751e8b465ee728b)
Start importing Assets/TooManyCrosshairs/HorizonCrosshairs/Crosshairs/SMGstatic2048.png using Guid(1b2571647464137408f658e601174db1) Importer(815301076,1909f56bfc062723c751e8b465ee728b) (PreviewImporter) -> (artifact id: '3195ba313b58eeef5eb9a4e41452576d') in 0.0130576 seconds
Number of updated asset objects reloaded before import = 0Number of asset objects unloaded after import = 2

========================================================================
Received Import Request.
  Time since last request: 0.000039 seconds.
  path: Assets/TooManyCrosshairs/HorizonCrosshairs/Crosshairs/StormRifleNW2048.png
  artifactKey: Guid(495dea38615d76e48b5e2fc1b77df5ce) Importer(815301076,1909f56bfc062723c751e8b465ee728b)
Start importing Assets/TooManyCrosshairs/HorizonCrosshairs/Crosshairs/StormRifleNW2048.png using Guid(495dea38615d76e48b5e2fc1b77df5ce) Importer(815301076,1909f56bfc062723c751e8b465ee728b) (PreviewImporter) -> (artifact id: 'c06df4a4c8339e8fb5dfe94a5d53bab7') in 0.0117655 seconds
Number of updated asset objects reloaded before import = 0Number of asset objects unloaded after import = 2

========================================================================
Received Import Request.
  Time since last request: 0.030952 seconds.
  path: Assets/TooManyCrosshairs/HorizonCrosshairs/Crosshairs/StormRIfleSW2048.png
  artifactKey: Guid(47f162b6d395a8d41bace1ef6ca6e27e) Importer(815301076,1909f56bfc062723c751e8b465ee728b)
Start importing Assets/TooManyCrosshairs/HorizonCrosshairs/Crosshairs/StormRIfleSW2048.png using Guid(47f162b6d395a8d41bace1ef6ca6e27e) Importer(815301076,1909f56bfc062723c751e8b465ee728b) (PreviewImporter) -> (artifact id: '44d155f8d9726a945c77e27110aec50b') in 0.0097329 seconds
Number of updated asset objects reloaded before import = 0Number of asset objects unloaded after import = 2

========================================================================
Received Import Request.
  Time since last request: 62.903079 seconds.
  path: Assets/TooManyCrosshairs/64px/Base/Cross/CrossStripedInner64.png
  artifactKey: Guid(9895d1cef452f9c449bbb4bef137e34b) Importer(815301076,1909f56bfc062723c751e8b465ee728b)
Start importing Assets/TooManyCrosshairs/64px/Base/Cross/CrossStripedInner64.png using Guid(9895d1cef452f9c449bbb4bef137e34b) Importer(815301076,1909f56bfc062723c751e8b465ee728b) (PreviewImporter) -> (artifact id: '7722344ee45633d7192eb52d90e46840') in 0.008905 seconds
Number of updated asset objects reloaded before import = 0Number of asset objects unloaded after import = 2

========================================================================
Received Import Request.
  Time since last request: 40.665852 seconds.
  path: Assets/TooManyCrosshairs/HELLSLAYER Crosshairs
  artifactKey: Guid(583a39530387cc242a9a057810462bbc) Importer(815301076,1909f56bfc062723c751e8b465ee728b)
Start importing Assets/TooManyCrosshairs/HELLSLAYER Crosshairs using Guid(583a39530387cc242a9a057810462bbc) Importer(815301076,1909f56bfc062723c751e8b465ee728b) (PreviewImporter) -> (artifact id: '638e139023893138c0b3f43a213da187') in 0.0004546 seconds
Number of updated asset objects reloaded before import = 0Number of asset objects unloaded after import = 0

========================================================================
Received Import Request.
  Time since last request: 1.872628 seconds.
  path: Assets/TooManyCrosshairs/HELLSLAYER Crosshairs/_Demo
  artifactKey: Guid(00445c1228fc39e4d8c6249ffcc1f107) Importer(815301076,1909f56bfc062723c751e8b465ee728b)
Start importing Assets/TooManyCrosshairs/HELLSLAYER Crosshairs/_Demo using Guid(00445c1228fc39e4d8c6249ffcc1f107) Importer(815301076,1909f56bfc062723c751e8b465ee728b) (PreviewImporter) -> (artifact id: '9e5c6c0adaed3de964a10a61061cec40') in 0.0004336 seconds
Number of updated asset objects reloaded before import = 0Number of asset objects unloaded after import = 0

========================================================================
Received Import Request.
  Time since last request: 1.589464 seconds.
  path: Assets/TooManyCrosshairs/HELLSLAYER Crosshairs/Crosshairs
  artifactKey: Guid(8936c567d33351d49a59acde36f80cd3) Importer(815301076,1909f56bfc062723c751e8b465ee728b)
Start importing Assets/TooManyCrosshairs/HELLSLAYER Crosshairs/Crosshairs using Guid(8936c567d33351d49a59acde36f80cd3) Importer(815301076,1909f56bfc062723c751e8b465ee728b) (PreviewImporter) -> (artifact id: 'a950d6e9e6691b41f62100c21fffd917') in 0.0004152 seconds
Number of updated asset objects reloaded before import = 0Number of asset objects unloaded after import = 0

========================================================================
Received Import Request.
  Time since last request: 0.081661 seconds.
  path: Assets/TooManyCrosshairs/HELLSLAYER Crosshairs/Crosshairs/HellSlayerBFG2048.png
  artifactKey: Guid(f1a22a38dcc586944a87468356b9df7d) Importer(815301076,1909f56bfc062723c751e8b465ee728b)
Start importing Assets/TooManyCrosshairs/HELLSLAYER Crosshairs/Crosshairs/HellSlayerBFG2048.png using Guid(f1a22a38dcc586944a87468356b9df7d) Importer(815301076,1909f56bfc062723c751e8b465ee728b) (PreviewImporter) -> (artifact id: 'aa9f5324f29db6ea815da33f0cba2db0') in 0.0201319 seconds
Number of updated asset objects reloaded before import = 0Number of asset objects unloaded after import = 2

========================================================================
Received Import Request.
  Time since last request: 0.006587 seconds.
  path: Assets/TooManyCrosshairs/HELLSLAYER Crosshairs/Crosshairs/HellSlayerDot2048.png
  artifactKey: Guid(d175f5977ff96394fa6da4b5d255752d) Importer(815301076,1909f56bfc062723c751e8b465ee728b)
Start importing Assets/TooManyCrosshairs/HELLSLAYER Crosshairs/Crosshairs/HellSlayerDot2048.png using Guid(d175f5977ff96394fa6da4b5d255752d) Importer(815301076,1909f56bfc062723c751e8b465ee728b) (PreviewImporter) -> (artifact id: '8d127c84138ed0b361896cd90919e06f') in 0.0145883 seconds
Number of updated asset objects reloaded before import = 0Number of asset objects unloaded after import = 2

========================================================================
Received Import Request.
  Time since last request: 0.000022 seconds.
  path: Assets/TooManyCrosshairs/HELLSLAYER Crosshairs/Crosshairs/HellSlayerRocketLauncherFull2048.png
  artifactKey: Guid(a4163322a4ce8194aac2e20307ad766b) Importer(815301076,1909f56bfc062723c751e8b465ee728b)
Start importing Assets/TooManyCrosshairs/HELLSLAYER Crosshairs/Crosshairs/HellSlayerRocketLauncherFull2048.png using Guid(a4163322a4ce8194aac2e20307ad766b) Importer(815301076,1909f56bfc062723c751e8b465ee728b) (PreviewImporter) -> (artifact id: '17b3dad029df9b39f43ffa9d3e345fcb') in 0.0146253 seconds
Number of updated asset objects reloaded before import = 0Number of asset objects unloaded after import = 2

========================================================================
Received Import Request.
  Time since last request: 0.000044 seconds.
  path: Assets/TooManyCrosshairs/HELLSLAYER Crosshairs/Crosshairs/HellSlayerGaussGunAlt2048.png
  artifactKey: Guid(217cbbaa8d38a6c479f6f498c919b442) Importer(815301076,1909f56bfc062723c751e8b465ee728b)
Start importing Assets/TooManyCrosshairs/HELLSLAYER Crosshairs/Crosshairs/HellSlayerGaussGunAlt2048.png using Guid(217cbbaa8d38a6c479f6f498c919b442) Importer(815301076,1909f56bfc062723c751e8b465ee728b) (PreviewImporter) -> (artifact id: '1ed6e12fc2612c378698009e363f2da5') in 0.0154079 seconds
Number of updated asset objects reloaded before import = 0Number of asset objects unloaded after import = 2

========================================================================
Received Import Request.
  Time since last request: 0.000015 seconds.
  path: Assets/TooManyCrosshairs/HELLSLAYER Crosshairs/Crosshairs/HellSlayerEtrBalistaRightCentered2048.png
  artifactKey: Guid(637d1d75c021aa54e94c29846b73e704) Importer(815301076,1909f56bfc062723c751e8b465ee728b)
Start importing Assets/TooManyCrosshairs/HELLSLAYER Crosshairs/Crosshairs/HellSlayerEtrBalistaRightCentered2048.png using Guid(637d1d75c021aa54e94c29846b73e704) Importer(815301076,1909f56bfc062723c751e8b465ee728b) (PreviewImporter) -> (artifact id: 'db3d33c8f3c2d1172db0fd89874907aa') in 0.0165369 seconds
Number of updated asset objects reloaded before import = 0Number of asset objects unloaded after import = 2

========================================================================
Received Import Request.
  Time since last request: 0.000023 seconds.
  path: Assets/TooManyCrosshairs/HELLSLAYER Crosshairs/Crosshairs/HellSlayerEtrBalistaLeftCentered2048.png
  artifactKey: Guid(b7f26298ca2026448ba47f08b1893d77) Importer(815301076,1909f56bfc062723c751e8b465ee728b)
Start importing Assets/TooManyCrosshairs/HELLSLAYER Crosshairs/Crosshairs/HellSlayerEtrBalistaLeftCentered2048.png using Guid(b7f26298ca2026448ba47f08b1893d77) Importer(815301076,1909f56bfc062723c751e8b465ee728b) (PreviewImporter) -> (artifact id: 'b66e490bf09dc578ee98d7fa10c92611') in 0.0124988 seconds
Number of updated asset objects reloaded before import = 0Number of asset objects unloaded after import = 2

========================================================================
Received Import Request.
  Time since last request: 0.000039 seconds.
  path: Assets/TooManyCrosshairs/HELLSLAYER Crosshairs/Crosshairs/HellSlayerShotgunChevrons.png
  artifactKey: Guid(4a3a58eb57ede404ead18933ecec50f0) Importer(815301076,1909f56bfc062723c751e8b465ee728b)
Start importing Assets/TooManyCrosshairs/HELLSLAYER Crosshairs/Crosshairs/HellSlayerShotgunChevrons.png using Guid(4a3a58eb57ede404ead18933ecec50f0) Importer(815301076,1909f56bfc062723c751e8b465ee728b) (PreviewImporter) -> (artifact id: 'ccd01ea1b7ff8aadfa3e6099aa4cf3b1') in 0.0121221 seconds
Number of updated asset objects reloaded before import = 0Number of asset objects unloaded after import = 2

========================================================================
Received Import Request.
  Time since last request: 0.000014 seconds.
  path: Assets/TooManyCrosshairs/HELLSLAYER Crosshairs/Crosshairs/HellSlayerShotgunRight2048.png
  artifactKey: Guid(691ab24e145a1614cadc0843f6f6bd2d) Importer(815301076,1909f56bfc062723c751e8b465ee728b)
Start importing Assets/TooManyCrosshairs/HELLSLAYER Crosshairs/Crosshairs/HellSlayerShotgunRight2048.png using Guid(691ab24e145a1614cadc0843f6f6bd2d) Importer(815301076,1909f56bfc062723c751e8b465ee728b) (PreviewImporter) -> (artifact id: 'bdb41dd852964609a565afd656d18753') in 0.0125648 seconds
Number of updated asset objects reloaded before import = 0Number of asset objects unloaded after import = 2

========================================================================
Received Import Request.
  Time since last request: 0.000012 seconds.
  path: Assets/TooManyCrosshairs/HELLSLAYER Crosshairs/Crosshairs/HellSlayerShotgunUp.png
  artifactKey: Guid(7a6d01a5658d93f44bd1133ca43f0179) Importer(815301076,1909f56bfc062723c751e8b465ee728b)
Start importing Assets/TooManyCrosshairs/HELLSLAYER Crosshairs/Crosshairs/HellSlayerShotgunUp.png using Guid(7a6d01a5658d93f44bd1133ca43f0179) Importer(815301076,1909f56bfc062723c751e8b465ee728b) (PreviewImporter) -> (artifact id: '235b048d0f30c3b176389414514ac424') in 0.0118166 seconds
Number of updated asset objects reloaded before import = 0Number of asset objects unloaded after import = 2

========================================================================
Received Import Request.
  Time since last request: 0.000054 seconds.
  path: Assets/TooManyCrosshairs/HELLSLAYER Crosshairs/Crosshairs/HellSlayerEtrRocketLauncher2048.png
  artifactKey: Guid(875b7d111acb2204d8b6e2ed40af1ec2) Importer(815301076,1909f56bfc062723c751e8b465ee728b)
Start importing Assets/TooManyCrosshairs/HELLSLAYER Crosshairs/Crosshairs/HellSlayerEtrRocketLauncher2048.png using Guid(875b7d111acb2204d8b6e2ed40af1ec2) Importer(815301076,1909f56bfc062723c751e8b465ee728b) (PreviewImporter) -> (artifact id: '23eac47e45f1b7eeb8b3547195664c40') in 0.0120627 seconds
Number of updated asset objects reloaded before import = 0Number of asset objects unloaded after import = 2

========================================================================
Received Import Request.
  Time since last request: 0.000016 seconds.
  path: Assets/TooManyCrosshairs/HELLSLAYER Crosshairs/Crosshairs/HellSlayerRocketLauncherDashed2048.png
  artifactKey: Guid(48bd0c408f9984b4cb655a08c7f3f00b) Importer(815301076,1909f56bfc062723c751e8b465ee728b)
Start importing Assets/TooManyCrosshairs/HELLSLAYER Crosshairs/Crosshairs/HellSlayerRocketLauncherDashed2048.png using Guid(48bd0c408f9984b4cb655a08c7f3f00b) Importer(815301076,1909f56bfc062723c751e8b465ee728b) (PreviewImporter) -> (artifact id: '8b2d9d48a9d56b3294f0abf4db3a594c') in 0.0149126 seconds
Number of updated asset objects reloaded before import = 0Number of asset objects unloaded after import = 2

========================================================================
Received Import Request.
  Time since last request: 0.000014 seconds.
  path: Assets/TooManyCrosshairs/HELLSLAYER Crosshairs/Crosshairs/HellSlayerEtrAssaultZoomed2048.png
  artifactKey: Guid(3f3b7f3742e997940807416eac8d8a7a) Importer(815301076,1909f56bfc062723c751e8b465ee728b)
Start importing Assets/TooManyCrosshairs/HELLSLAYER Crosshairs/Crosshairs/HellSlayerEtrAssaultZoomed2048.png using Guid(3f3b7f3742e997940807416eac8d8a7a) Importer(815301076,1909f56bfc062723c751e8b465ee728b) (PreviewImporter) -> (artifact id: 'f853750194e255628a05616f48492708') in 0.0152973 seconds
Number of updated asset objects reloaded before import = 0Number of asset objects unloaded after import = 2

========================================================================
Received Import Request.
  Time since last request: 0.000017 seconds.
  path: Assets/TooManyCrosshairs/HELLSLAYER Crosshairs/Crosshairs/HellSlayerEtrBalistaAlt2048.png
  artifactKey: Guid(d2da8d86ea83f0d40953f93a721a1766) Importer(815301076,1909f56bfc062723c751e8b465ee728b)
Start importing Assets/TooManyCrosshairs/HELLSLAYER Crosshairs/Crosshairs/HellSlayerEtrBalistaAlt2048.png using Guid(d2da8d86ea83f0d40953f93a721a1766) Importer(815301076,1909f56bfc062723c751e8b465ee728b) (PreviewImporter) -> (artifact id: 'a5adf32f438a7a8b97f4d0c2ae2c6bc1') in 0.0129501 seconds
Number of updated asset objects reloaded before import = 0Number of asset objects unloaded after import = 2

========================================================================
Received Import Request.
  Time since last request: 0.000023 seconds.
  path: Assets/TooManyCrosshairs/HELLSLAYER Crosshairs/Crosshairs/HellSlayerPlasmaOuter2048.png
  artifactKey: Guid(b24804dc55dc6524f9808e545c3c5694) Importer(815301076,1909f56bfc062723c751e8b465ee728b)
Start importing Assets/TooManyCrosshairs/HELLSLAYER Crosshairs/Crosshairs/HellSlayerPlasmaOuter2048.png using Guid(b24804dc55dc6524f9808e545c3c5694) Importer(815301076,1909f56bfc062723c751e8b465ee728b) (PreviewImporter) -> (artifact id: 'ef6ea97b7af2b017be2ffcc32bce78b2') in 0.0128941 seconds
Number of updated asset objects reloaded before import = 0Number of asset objects unloaded after import = 2

========================================================================
Received Import Request.
  Time since last request: 0.000060 seconds.
  path: Assets/TooManyCrosshairs/HELLSLAYER Crosshairs/Crosshairs/HellSlayerShotgunAltFull2048.png
  artifactKey: Guid(b6db46e1c1189f64baf353f422f8edd9) Importer(815301076,1909f56bfc062723c751e8b465ee728b)
Start importing Assets/TooManyCrosshairs/HELLSLAYER Crosshairs/Crosshairs/HellSlayerShotgunAltFull2048.png using Guid(b6db46e1c1189f64baf353f422f8edd9) Importer(815301076,1909f56bfc062723c751e8b465ee728b) (PreviewImporter) -> (artifact id: 'e1f9dbc5aa4f1a6b16c1032f4ffb65ab') in 0.0115165 seconds
Number of updated asset objects reloaded before import = 0Number of asset objects unloaded after import = 2

========================================================================
Received Import Request.
  Time since last request: 0.000054 seconds.
  path: Assets/TooManyCrosshairs/HELLSLAYER Crosshairs/Crosshairs/HellSlayerEtrAssaultRing2048.png
  artifactKey: Guid(d75ae6d7099c07540b0ef7a6116b3e17) Importer(815301076,1909f56bfc062723c751e8b465ee728b)
Start importing Assets/TooManyCrosshairs/HELLSLAYER Crosshairs/Crosshairs/HellSlayerEtrAssaultRing2048.png using Guid(d75ae6d7099c07540b0ef7a6116b3e17) Importer(815301076,1909f56bfc062723c751e8b465ee728b) (PreviewImporter) -> (artifact id: 'c2257369a099f28ee4a8f6e08f7affc4') in 0.0113007 seconds
Number of updated asset objects reloaded before import = 0Number of asset objects unloaded after import = 2

========================================================================
Received Import Request.
  Time since last request: 0.000016 seconds.
  path: Assets/TooManyCrosshairs/HELLSLAYER Crosshairs/Crosshairs/HellSlayerShotgunAltInner2048.png
  artifactKey: Guid(cc5f35f56eed0fd44b1feed0546b58c9) Importer(815301076,1909f56bfc062723c751e8b465ee728b)
Start importing Assets/TooManyCrosshairs/HELLSLAYER Crosshairs/Crosshairs/HellSlayerShotgunAltInner2048.png using Guid(cc5f35f56eed0fd44b1feed0546b58c9) Importer(815301076,1909f56bfc062723c751e8b465ee728b) (PreviewImporter) -> (artifact id: '18f2d3733d7ab26f1ee8a81144418b50') in 0.0113584 seconds
Number of updated asset objects reloaded before import = 0Number of asset objects unloaded after import = 2

========================================================================
Received Import Request.
  Time since last request: 0.000016 seconds.
  path: Assets/TooManyCrosshairs/HELLSLAYER Crosshairs/Crosshairs/HellSlayerPistolAlt.png
  artifactKey: Guid(600da781e1d711245aa360f57f3468a0) Importer(815301076,1909f56bfc062723c751e8b465ee728b)
Start importing Assets/TooManyCrosshairs/HELLSLAYER Crosshairs/Crosshairs/HellSlayerPistolAlt.png using Guid(600da781e1d711245aa360f57f3468a0) Importer(815301076,1909f56bfc062723c751e8b465ee728b) (PreviewImporter) -> (artifact id: '7370d2360864d37a64a1680940fc861c') in 0.0104922 seconds
Number of updated asset objects reloaded before import = 0Number of asset objects unloaded after import = 2

========================================================================
Received Import Request.
  Time since last request: 28.961157 seconds.
  path: Assets/TooManyCrosshairs/128px/Base/Cross/4ArrowheadInwards128.png
  artifactKey: Guid(180a5febdcd2ed343843cb8254834200) Importer(815301076,1909f56bfc062723c751e8b465ee728b)
Start importing Assets/TooManyCrosshairs/128px/Base/Cross/4ArrowheadInwards128.png using Guid(180a5febdcd2ed343843cb8254834200) Importer(815301076,1909f56bfc062723c751e8b465ee728b) (PreviewImporter) -> (artifact id: '294c00cedf90721e82d1d189acff1002') in 0.0123457 seconds
Number of updated asset objects reloaded before import = 0Number of asset objects unloaded after import = 2

========================================================================
Received Import Request.
  Time since last request: 0.000016 seconds.
  path: Assets/TooManyCrosshairs/128px/Base/Cross/CrossCircle4SplitOffSet_NE128.png
  artifactKey: Guid(a2f4d23f238e32743908817b72d95580) Importer(815301076,1909f56bfc062723c751e8b465ee728b)
Start importing Assets/TooManyCrosshairs/128px/Base/Cross/CrossCircle4SplitOffSet_NE128.png using Guid(a2f4d23f238e32743908817b72d95580) Importer(815301076,1909f56bfc062723c751e8b465ee728b) (PreviewImporter) -> (artifact id: 'fc39ba953d65eabfa2855df45bdaad36') in 0.0126029 seconds
Number of updated asset objects reloaded before import = 0Number of asset objects unloaded after import = 2

========================================================================
Received Import Request.
  Time since last request: 0.000022 seconds.
  path: Assets/TooManyCrosshairs/128px/Base/Cross/CrossMiniTrianglesSolidOutwards128.png
  artifactKey: Guid(fb67458fd62194f4e9a02aa08275354e) Importer(815301076,1909f56bfc062723c751e8b465ee728b)
Start importing Assets/TooManyCrosshairs/128px/Base/Cross/CrossMiniTrianglesSolidOutwards128.png using Guid(fb67458fd62194f4e9a02aa08275354e) Importer(815301076,1909f56bfc062723c751e8b465ee728b) (PreviewImporter) -> (artifact id: '9e1476cdadcb9bb7705c9641d3f5e098') in 0.0128339 seconds
Number of updated asset objects reloaded before import = 0Number of asset objects unloaded after import = 2

========================================================================
Received Import Request.
  Time since last request: 0.000016 seconds.
  path: Assets/TooManyCrosshairs/128px/Base/Cross/CrossCircle4splitOffsetNWSED128.png
  artifactKey: Guid(1888d12f30ce57f48a473cdbc8248afd) Importer(815301076,1909f56bfc062723c751e8b465ee728b)
Start importing Assets/TooManyCrosshairs/128px/Base/Cross/CrossCircle4splitOffsetNWSED128.png using Guid(1888d12f30ce57f48a473cdbc8248afd) Importer(815301076,1909f56bfc062723c751e8b465ee728b) (PreviewImporter) -> (artifact id: '8d43be3bc6cec89a7ed459fcac7c500c') in 0.014361 seconds
Number of updated asset objects reloaded before import = 0Number of asset objects unloaded after import = 2

========================================================================
Received Import Request.
  Time since last request: 0.000015 seconds.
  path: Assets/TooManyCrosshairs/128px/Base/Cross/CrossCircle4SplitOffSetRight128.png
  artifactKey: Guid(38a6ef834c6e77040b8d4cacb6df6a31) Importer(815301076,1909f56bfc062723c751e8b465ee728b)
Start importing Assets/TooManyCrosshairs/128px/Base/Cross/CrossCircle4SplitOffSetRight128.png using Guid(38a6ef834c6e77040b8d4cacb6df6a31) Importer(815301076,1909f56bfc062723c751e8b465ee728b) (PreviewImporter) -> (artifact id: '356a32ca2f7417c879654297e7a5922e') in 0.0099698 seconds
Number of updated asset objects reloaded before import = 0Number of asset objects unloaded after import = 2

========================================================================
Received Import Request.
  Time since last request: 0.000019 seconds.
  path: Assets/TooManyCrosshairs/128px/Base/Cross/CrossCircle128.png
  artifactKey: Guid(a408caa2416dbb8459ab04c707fa145b) Importer(815301076,1909f56bfc062723c751e8b465ee728b)
Start importing Assets/TooManyCrosshairs/128px/Base/Cross/CrossCircle128.png using Guid(a408caa2416dbb8459ab04c707fa145b) Importer(815301076,1909f56bfc062723c751e8b465ee728b) (PreviewImporter) -> (artifact id: 'bf4069799953ddddfe138f1ce0a57dee') in 0.0114429 seconds
Number of updated asset objects reloaded before import = 0Number of asset objects unloaded after import = 2

========================================================================
Received Import Request.
  Time since last request: 0.000015 seconds.
  path: Assets/TooManyCrosshairs/128px/Base/Cross/CrossRightHairCentered128.png
  artifactKey: Guid(1ec475b28165c164b8bbf5f724ad53fb) Importer(815301076,1909f56bfc062723c751e8b465ee728b)
Start importing Assets/TooManyCrosshairs/128px/Base/Cross/CrossRightHairCentered128.png using Guid(1ec475b28165c164b8bbf5f724ad53fb) Importer(815301076,1909f56bfc062723c751e8b465ee728b) (PreviewImporter) -> (artifact id: '47a7f78b458a092e84385bd90f95e732') in 0.0109244 seconds
Number of updated asset objects reloaded before import = 0Number of asset objects unloaded after import = 2

========================================================================
Received Import Request.
  Time since last request: 0.000035 seconds.
  path: Assets/TooManyCrosshairs/128px/Base/Cross/CrossBottomHairCentered128.png
  artifactKey: Guid(ba003b7afaba87f4a9b87ee8ec20f656) Importer(815301076,1909f56bfc062723c751e8b465ee728b)
Start importing Assets/TooManyCrosshairs/128px/Base/Cross/CrossBottomHairCentered128.png using Guid(ba003b7afaba87f4a9b87ee8ec20f656) Importer(815301076,1909f56bfc062723c751e8b465ee728b) (PreviewImporter) -> (artifact id: '87764702e9ad99dad82f83bbd5880f38') in 0.0092462 seconds
Number of updated asset objects reloaded before import = 0Number of asset objects unloaded after import = 2

========================================================================
Received Import Request.
  Time since last request: 0.000049 seconds.
  path: Assets/TooManyCrosshairs/128px/Base/Cross/CrossMiniTrianglesSolidInwardsNotTop128.png
  artifactKey: Guid(eaf69da4a385e7d44a16efe836a863b6) Importer(815301076,1909f56bfc062723c751e8b465ee728b)
Start importing Assets/TooManyCrosshairs/128px/Base/Cross/CrossMiniTrianglesSolidInwardsNotTop128.png using Guid(eaf69da4a385e7d44a16efe836a863b6) Importer(815301076,1909f56bfc062723c751e8b465ee728b) (PreviewImporter) -> (artifact id: '773855008efef3b38e06465e78f832fb') in 0.0107039 seconds
Number of updated asset objects reloaded before import = 0Number of asset objects unloaded after import = 2

========================================================================
Received Import Request.
  Time since last request: 0.000017 seconds.
  path: Assets/TooManyCrosshairs/128px/Base/Cross/CrossSquare2Split128.png
  artifactKey: Guid(70678c1d9deec0040b25f8e107a3ef76) Importer(815301076,1909f56bfc062723c751e8b465ee728b)
Start importing Assets/TooManyCrosshairs/128px/Base/Cross/CrossSquare2Split128.png using Guid(70678c1d9deec0040b25f8e107a3ef76) Importer(815301076,1909f56bfc062723c751e8b465ee728b) (PreviewImporter) -> (artifact id: 'ab1222eae1c3be5b251e16c6a29ffde9') in 0.0119689 seconds
Number of updated asset objects reloaded before import = 0Number of asset objects unloaded after import = 2

========================================================================
Received Import Request.
  Time since last request: 0.000019 seconds.
  path: Assets/TooManyCrosshairs/128px/Base/Cross/CrossRingXSplit128.png
  artifactKey: Guid(cd98ca20bbbe70f4baf0a561491d9cfd) Importer(815301076,1909f56bfc062723c751e8b465ee728b)
Start importing Assets/TooManyCrosshairs/128px/Base/Cross/CrossRingXSplit128.png using Guid(cd98ca20bbbe70f4baf0a561491d9cfd) Importer(815301076,1909f56bfc062723c751e8b465ee728b) (PreviewImporter) -> (artifact id: '0886920bf3583a9cfd404aac90affc7b') in 0.0107458 seconds
Number of updated asset objects reloaded before import = 0Number of asset objects unloaded after import = 2

========================================================================
Received Import Request.
  Time since last request: 0.000057 seconds.
  path: Assets/TooManyCrosshairs/128px/Base/Cross/CrossCircle4Split128.png
  artifactKey: Guid(7cc96a5ab87bf6547b6c3d816eb8c30a) Importer(815301076,1909f56bfc062723c751e8b465ee728b)
Start importing Assets/TooManyCrosshairs/128px/Base/Cross/CrossCircle4Split128.png using Guid(7cc96a5ab87bf6547b6c3d816eb8c30a) Importer(815301076,1909f56bfc062723c751e8b465ee728b) (PreviewImporter) -> (artifact id: '5d48985666306ee4ad92266205417947') in 0.0087871 seconds
Number of updated asset objects reloaded before import = 0Number of asset objects unloaded after import = 2

========================================================================
Received Prepare
Begin MonoManager ReloadAssembly
C:\build\output\Unity-Technologies\mono\mono\metadata\icall.c:1842:
C:\build\output\Unity-Technologies\mono\mono\metadata\icall.c:1842:
C:\build\output\Unity-Technologies\mono\mono\metadata\icall.c:1842:
C:\build\output\Unity-Technologies\mono\mono\metadata\icall.c:1842:
C:\build\output\Unity-Technologies\mono\mono\metadata\icall.c:1842:
C:\build\output\Unity-Technologies\mono\mono\metadata\icall.c:1842:
C:\build\output\Unity-Technologies\mono\mono\metadata\icall.c:1842:
C:\build\output\Unity-Technologies\mono\mono\metadata\icall.c:1842:
C:\build\output\Unity-Technologies\mono\mono\metadata\icall.c:1842:
C:\build\output\Unity-Technologies\mono\mono\metadata\icall.c:1842:
C:\build\output\Unity-Technologies\mono\mono\metadata\icall.c:1842:
C:\build\output\Unity-Technologies\mono\mono\metadata\icall.c:1842:
Symbol file LoadedFromMemory doesn't match image C:\Users\james\OneDrive\Documents\GitHub\Transformers-gamedev\Transformers\Library\PackageCache\com.unity.visualscripting@1.8.0\Editor\VisualScripting.Core\Dependencies\YamlDotNet\Unity.VisualScripting.YamlDotNet.dll
Symbol file LoadedFromMemory doesn't match image C:\Users\james\OneDrive\Documents\GitHub\Transformers-gamedev\Transformers\Library\PackageCache\com.unity.visualscripting@1.8.0\Editor\VisualScripting.Core\Dependencies\DotNetZip\Unity.VisualScripting.IonicZip.dll
- Loaded All Assemblies, in  0.405 seconds
Refreshing native plugins compatible for Editor in 0.43 ms, found 3 plugins.
Native extension for WindowsStandalone target not found
Mono: successfully reloaded assembly
- Finished resetting the current domain, in  0.418 seconds
Domain Reload Profiling: 822ms
	BeginReloadAssembly (135ms)
		ExecutionOrderSort (0ms)
		DisableScriptedObjects (3ms)
		BackupInstance (0ms)
		ReleaseScriptingObjects (0ms)
		CreateAndSetChildDomain (33ms)
	RebuildCommonClasses (23ms)
	RebuildNativeTypeToScriptingClass (8ms)
	initialDomainReloadingComplete (17ms)
	LoadAllAssembliesAndSetupDomain (220ms)
		LoadAssemblies (209ms)
		RebuildTransferFunctionScriptingTraits (0ms)
		AnalyzeDomain (79ms)
			TypeCache.Refresh (6ms)
				TypeCache.ScanAssembly (0ms)
			BuildScriptInfoCaches (68ms)
			ResolveRequiredComponents (3ms)
	FinalizeReload (419ms)
		ReleaseScriptCaches (0ms)
		RebuildScriptCaches (0ms)
		SetupLoadedEditorAssemblies (271ms)
			LogAssemblyErrors (0ms)
			InitializePlatformSupportModulesInManaged (2ms)
			SetLoadedEditorAssemblies (3ms)
			BeforeProcessingInitializeOnLoad (31ms)
			ProcessInitializeOnLoadAttributes (217ms)
			ProcessInitializeOnLoadMethodAttributes (14ms)
			AfterProcessingInitializeOnLoad (4ms)
			EditorAssembliesLoaded (0ms)
		ExecutionOrderSort2 (0ms)
		AwakeInstancesAfterBackupRestoration (8ms)
Refreshing native plugins compatible for Editor in 0.62 ms, found 3 plugins.
Preloading 0 native plugins for Editor in 0.00 ms.
Unloading 0 Unused Serialized files (Serialized files now loaded: 0)
Unloading 3152 unused Assets / (0.9 MB). Loaded Objects now: 3766.
Memory consumption went from 116.9 MB to 116.1 MB.
Total: 3.808100 ms (FindLiveObjects: 0.237100 ms CreateObjectMapping: 0.172100 ms MarkObjects: 2.811400 ms  DeleteObjects: 0.586800 ms)

Prepare: number of updated asset objects reloaded= 0
Editor requested this worker to shutdown with reason: Scaling down because of idle timeout
AssetImportWorker is now disconnected from the server
Process exiting
Exiting without the bug reporter. Application will terminate with return code 0